<?xml version="1.0" encoding="UTF-8"?>
<coverage generated="1787830560685" clover="3.2.0">
  <project timestamp="1787830560686" name="All files">
    <metrics statements="586" coveredstatements="578" conditionals="223" coveredconditionals="214" methods="64" coveredmethods="58" elements="873" coveredelements="850" complexity="0" loc="586" ncloc="586" packages="9" files="24" classes="24"/>
    <package name="config">
      <metrics statements="15" coveredstatements="14" conditionals="6" coveredconditionals="4" methods="0" coveredmethods="0"/>
      <file name="prisma.ts" path="C:\Users\MJ\Desktop\Projects\Airtribe\task-master\src\config\prisma.ts">
        <metrics statements="15" coveredstatements="14" conditionals="6" coveredconditionals="4" methods="0" coveredmethods="0"/>
        <line num="1" count="1" type="stmt"/>
        <line num="2" count="1" type="stmt"/>
        <line num="3" count="1" type="stmt"/>
        <line num="4" count="1" type="stmt"/>
        <line num="10" count="1" type="stmt"/>
        <line num="12" count="1" type="cond" truecount="1" falsecount="1"/>
        <line num="13" count="0" type="stmt"/>
        <line num="16" count="1" type="stmt"/>
        <line num="20" count="1" type="stmt"/>
        <line num="22" count="1" type="stmt"/>
        <line num="24" count="1" type="cond" truecount="2" falsecount="0"/>
        <line num="26" count="1" type="cond" truecount="1" falsecount="1"/>
        <line num="27" count="1" type="stmt"/>
        <line num="30" count="1" type="stmt"/>
        <line num="32" count="1" type="stmt"/>
      </file>
    </package>
    <package name="generated.prisma">
      <metrics statements="9" coveredstatements="9" conditionals="0" coveredconditionals="0" methods="0" coveredmethods="0"/>
      <file name="client.ts" path="C:\Users\MJ\Desktop\Projects\Airtribe\task-master\src\generated\prisma\client.ts">
        <metrics statements="6" coveredstatements="6" conditionals="0" coveredconditionals="0" methods="0" coveredmethods="0"/>
        <line num="18" count="1" type="stmt"/>
        <line num="19" count="1" type="stmt"/>
        <line num="21" count="1" type="stmt"/>
        <line num="22" count="1" type="stmt"/>
        <line num="38" count="1" type="stmt"/>
        <line num="40" count="1" type="stmt"/>
      </file>
      <file name="enums.ts" path="C:\Users\MJ\Desktop\Projects\Airtribe\task-master\src\generated\prisma\enums.ts">
        <metrics statements="3" coveredstatements="3" conditionals="0" coveredconditionals="0" methods="0" coveredmethods="0"/>
        <line num="12" count="3" type="stmt"/>
        <line num="20" count="3" type="stmt"/>
        <line num="30" count="3" type="stmt"/>
      </file>
    </package>
    <package name="generated.prisma.internal">
      <metrics statements="43" coveredstatements="37" conditionals="0" coveredconditionals="0" methods="7" coveredmethods="1"/>
      <file name="class.ts" path="C:\Users\MJ\Desktop\Projects\Airtribe\task-master\src\generated\prisma\internal\class.ts">
        <metrics statements="13" coveredstatements="7" conditionals="0" coveredconditionals="0" methods="7" coveredmethods="1"/>
        <line num="14" count="1" type="stmt"/>
        <line num="18" count="1" type="stmt"/>
        <line num="35" count="1" type="stmt"/>
        <line num="36" count="1" type="stmt"/>
        <line num="42" count="0" type="stmt"/>
        <line num="43" count="0" type="stmt"/>
        <line num="44" count="0" type="stmt"/>
        <line num="47" count="1" type="stmt"/>
        <line num="48" count="0" type="stmt"/>
        <line num="51" count="0" type="stmt"/>
        <line num="52" count="0" type="stmt"/>
        <line num="252" count="1" type="stmt"/>
        <line num="253" count="1" type="stmt"/>
      </file>
      <file name="prismaNamespace.ts" path="C:\Users\MJ\Desktop\Projects\Airtribe\task-master\src\generated\prisma\internal\prismaNamespace.ts">
        <metrics statements="30" coveredstatements="30" conditionals="0" coveredconditionals="0" methods="0" coveredmethods="0"/>
        <line num="18" count="1" type="stmt"/>
        <line num="32" count="1" type="stmt"/>
        <line num="35" count="1" type="stmt"/>
        <line num="38" count="1" type="stmt"/>
        <line num="41" count="1" type="stmt"/>
        <line num="44" count="1" type="stmt"/>
        <line num="50" count="1" type="stmt"/>
        <line num="51" count="1" type="stmt"/>
        <line num="52" count="1" type="stmt"/>
        <line num="53" count="1" type="stmt"/>
        <line num="54" count="1" type="stmt"/>
        <line num="62" count="1" type="stmt"/>
        <line num="71" count="1" type="stmt"/>
        <line num="86" count="1" type="stmt"/>
        <line num="104" count="1" type="stmt"/>
        <line num="114" count="1" type="stmt"/>
        <line num="121" count="1" type="stmt"/>
        <line num="128" count="1" type="stmt"/>
        <line num="399" count="1" type="stmt"/>
        <line num="898" count="1" type="stmt"/>
        <line num="908" count="1" type="stmt"/>
        <line num="923" count="1" type="stmt"/>
        <line num="937" count="1" type="stmt"/>
        <line num="949" count="1" type="stmt"/>
        <line num="960" count="1" type="stmt"/>
        <line num="976" count="1" type="stmt"/>
        <line num="989" count="1" type="stmt"/>
        <line num="997" count="1" type="stmt"/>
        <line num="1005" count="1" type="stmt"/>
        <line num="1116" count="1" type="stmt"/>
      </file>
    </package>
    <package name="middleware">
      <metrics statements="51" coveredstatements="51" conditionals="25" coveredconditionals="25" methods="6" coveredmethods="6"/>
      <file name="auth.middleware.ts" path="C:\Users\MJ\Desktop\Projects\Airtribe\task-master\src\middleware\auth.middleware.ts">
        <metrics statements="16" coveredstatements="16" conditionals="13" coveredconditionals="13" methods="1" coveredmethods="1"/>
        <line num="2" count="1" type="stmt"/>
        <line num="3" count="1" type="stmt"/>
        <line num="9" count="1" type="stmt"/>
        <line num="14" count="8" type="stmt"/>
        <line num="15" count="8" type="stmt"/>
        <line num="17" count="8" type="cond" truecount="2" falsecount="0"/>
        <line num="18" count="1" type="stmt"/>
        <line num="21" count="7" type="stmt"/>
        <line num="23" count="7" type="cond" truecount="4" falsecount="0"/>
        <line num="24" count="2" type="stmt"/>
        <line num="27" count="5" type="stmt"/>
        <line num="29" count="2" type="cond" truecount="5" falsecount="0"/>
        <line num="30" count="1" type="stmt"/>
        <line num="33" count="1" type="stmt"/>
        <line num="35" count="1" type="stmt"/>
        <line num="37" count="7" type="cond" truecount="2" falsecount="0"/>
      </file>
      <file name="error.middleware.ts" path="C:\Users\MJ\Desktop\Projects\Airtribe\task-master\src\middleware\error.middleware.ts">
        <metrics statements="11" coveredstatements="11" conditionals="6" coveredconditionals="6" methods="1" coveredmethods="1"/>
        <line num="2" count="1" type="stmt"/>
        <line num="3" count="1" type="stmt"/>
        <line num="5" count="1" type="stmt"/>
        <line num="6" count="5" type="cond" truecount="2" falsecount="0"/>
        <line num="7" count="1" type="stmt"/>
        <line num="15" count="1" type="stmt"/>
        <line num="18" count="4" type="cond" truecount="2" falsecount="0"/>
        <line num="19" count="2" type="stmt"/>
        <line num="26" count="2" type="stmt"/>
        <line num="29" count="2" type="stmt"/>
        <line num="31" count="2" type="stmt"/>
      </file>
      <file name="projectAuthorization.middleware.ts" path="C:\Users\MJ\Desktop\Projects\Airtribe\task-master\src\middleware\projectAuthorization.middleware.ts">
        <metrics statements="18" coveredstatements="18" conditionals="6" coveredconditionals="6" methods="2" coveredmethods="2"/>
        <line num="3" count="1" type="stmt"/>
        <line num="6" count="1" type="stmt"/>
        <line num="7" count="6" type="stmt"/>
        <line num="8" count="6" type="stmt"/>
        <line num="9" count="6" type="stmt"/>
        <line num="10" count="6" type="stmt"/>
        <line num="12" count="6" type="cond" truecount="2" falsecount="0"/>
        <line num="13" count="1" type="stmt"/>
        <line num="19" count="1" type="stmt"/>
        <line num="22" count="5" type="stmt"/>
        <line num="31" count="4" type="cond" truecount="2" falsecount="0"/>
        <line num="32" count="1" type="stmt"/>
        <line num="38" count="1" type="stmt"/>
        <line num="41" count="3" type="cond" truecount="2" falsecount="0"/>
        <line num="42" count="1" type="stmt"/>
        <line num="48" count="1" type="stmt"/>
        <line num="51" count="2" type="stmt"/>
        <line num="53" count="1" type="stmt"/>
      </file>
      <file name="validate.middleware.ts" path="C:\Users\MJ\Desktop\Projects\Airtribe\task-master\src\middleware\validate.middleware.ts">
        <metrics statements="6" coveredstatements="6" conditionals="0" coveredconditionals="0" methods="2" coveredmethods="2"/>
        <line num="4" count="1" type="stmt"/>
        <line num="5" count="5" type="stmt"/>
        <line num="6" count="5" type="stmt"/>
        <line num="7" count="5" type="stmt"/>
        <line num="8" count="2" type="stmt"/>
        <line num="10" count="3" type="stmt"/>
      </file>
    </package>
    <package name="modules.auth">
      <metrics statements="79" coveredstatements="78" conditionals="17" coveredconditionals="16" methods="8" coveredmethods="8"/>
      <file name="auth.controller.ts" path="C:\Users\MJ\Desktop\Projects\Airtribe\task-master\src\modules\auth\auth.controller.ts">
        <metrics statements="26" coveredstatements="26" conditionals="0" coveredconditionals="0" methods="4" coveredmethods="4"/>
        <line num="2" count="1" type="stmt"/>
        <line num="3" count="1" type="stmt"/>
        <line num="5" count="1" type="stmt"/>
        <line num="6" count="3" type="stmt"/>
        <line num="7" count="3" type="stmt"/>
        <line num="9" count="2" type="stmt"/>
        <line num="11" count="1" type="stmt"/>
        <line num="16" count="2" type="stmt"/>
        <line num="20" count="1" type="stmt"/>
        <line num="21" count="3" type="stmt"/>
        <line num="22" count="3" type="stmt"/>
        <line num="24" count="2" type="stmt"/>
        <line num="26" count="1" type="stmt"/>
        <line num="31" count="2" type="stmt"/>
        <line num="35" count="1" type="stmt"/>
        <line num="36" count="3" type="stmt"/>
        <line num="37" count="3" type="stmt"/>
        <line num="39" count="2" type="stmt"/>
        <line num="41" count="1" type="stmt"/>
        <line num="46" count="2" type="stmt"/>
        <line num="50" count="1" type="stmt"/>
        <line num="51" count="3" type="stmt"/>
        <line num="52" count="3" type="stmt"/>
        <line num="54" count="2" type="stmt"/>
        <line num="56" count="1" type="stmt"/>
        <line num="58" count="2" type="stmt"/>
      </file>
      <file name="auth.schema.ts" path="C:\Users\MJ\Desktop\Projects\Airtribe\task-master\src\modules\auth\auth.schema.ts">
        <metrics statements="4" coveredstatements="4" conditionals="0" coveredconditionals="0" methods="0" coveredmethods="0"/>
        <line num="1" count="1" type="stmt"/>
        <line num="3" count="1" type="stmt"/>
        <line num="9" count="1" type="stmt"/>
        <line num="14" count="1" type="stmt"/>
      </file>
      <file name="auth.service.ts" path="C:\Users\MJ\Desktop\Projects\Airtribe\task-master\src\modules\auth\auth.service.ts">
        <metrics statements="49" coveredstatements="48" conditionals="17" coveredconditionals="16" methods="4" coveredmethods="4"/>
        <line num="1" count="1" type="stmt"/>
        <line num="2" count="1" type="stmt"/>
        <line num="3" count="1" type="stmt"/>
        <line num="4" count="1" type="stmt"/>
        <line num="5" count="1" type="stmt"/>
        <line num="13" count="1" type="stmt"/>
        <line num="14" count="2" type="stmt"/>
        <line num="20" count="2" type="cond" truecount="2" falsecount="0"/>
        <line num="21" count="1" type="stmt"/>
        <line num="24" count="1" type="stmt"/>
        <line num="26" count="1" type="stmt"/>
        <line num="34" count="1" type="stmt"/>
        <line num="47" count="1" type="stmt"/>
        <line num="48" count="4" type="stmt"/>
        <line num="54" count="4" type="cond" truecount="2" falsecount="0"/>
        <line num="55" count="1" type="stmt"/>
        <line num="58" count="3" type="stmt"/>
        <line num="60" count="3" type="cond" truecount="2" falsecount="0"/>
        <line num="61" count="1" type="stmt"/>
        <line num="64" count="2" type="cond" truecount="2" falsecount="0"/>
        <line num="65" count="1" type="stmt"/>
        <line num="68" count="1" type="stmt"/>
        <line num="70" count="1" type="stmt"/>
        <line num="72" count="1" type="stmt"/>
        <line num="74" count="1" type="stmt"/>
        <line num="76" count="1" type="stmt"/>
        <line num="84" count="1" type="stmt"/>
        <line num="95" count="1" type="stmt"/>
        <line num="98" count="4" type="stmt"/>
        <line num="99" count="4" type="stmt"/>
        <line num="101" count="1" type="stmt"/>
        <line num="104" count="3" type="cond" truecount="4" falsecount="1"/>
        <line num="105" count="0" type="stmt"/>
        <line num="108" count="3" type="stmt"/>
        <line num="110" count="3" type="stmt"/>
        <line num="112" count="3" type="stmt"/>
        <line num="120" count="3" type="cond" truecount="2" falsecount="0"/>
        <line num="121" count="1" type="stmt"/>
        <line num="124" count="2" type="cond" truecount="2" falsecount="0"/>
        <line num="125" count="1" type="stmt"/>
        <line num="128" count="1" type="stmt"/>
        <line num="137" count="1" type="stmt"/>
        <line num="139" count="1" type="stmt"/>
        <line num="141" count="1" type="stmt"/>
        <line num="143" count="1" type="stmt"/>
        <line num="151" count="1" type="stmt"/>
        <line num="157" count="1" type="stmt"/>
        <line num="158" count="1" type="stmt"/>
        <line num="160" count="1" type="stmt"/>
      </file>
    </package>
    <package name="modules.projects">
      <metrics statements="174" coveredstatements="174" conditionals="46" coveredconditionals="46" methods="23" coveredmethods="23"/>
      <file name="invitation.controller.ts" path="C:\Users\MJ\Desktop\Projects\Airtribe\task-master\src\modules\projects\invitation.controller.ts">
        <metrics statements="22" coveredstatements="22" conditionals="0" coveredconditionals="0" methods="3" coveredmethods="3"/>
        <line num="2" count="1" type="stmt"/>
        <line num="5" count="1" type="stmt"/>
        <line num="10" count="2" type="stmt"/>
        <line num="11" count="2" type="stmt"/>
        <line num="12" count="2" type="stmt"/>
        <line num="14" count="2" type="stmt"/>
        <line num="16" count="1" type="stmt"/>
        <line num="21" count="1" type="stmt"/>
        <line num="25" count="1" type="stmt"/>
        <line num="30" count="2" type="stmt"/>
        <line num="31" count="2" type="stmt"/>
        <line num="32" count="2" type="stmt"/>
        <line num="34" count="2" type="stmt"/>
        <line num="36" count="1" type="stmt"/>
        <line num="41" count="1" type="stmt"/>
        <line num="45" count="1" type="stmt"/>
        <line num="50" count="2" type="stmt"/>
        <line num="51" count="2" type="stmt"/>
        <line num="52" count="2" type="stmt"/>
        <line num="54" count="2" type="stmt"/>
        <line num="56" count="1" type="stmt"/>
        <line num="61" count="1" type="stmt"/>
      </file>
      <file name="invitation.schema.ts" path="C:\Users\MJ\Desktop\Projects\Airtribe\task-master\src\modules\projects\invitation.schema.ts">
        <metrics statements="2" coveredstatements="2" conditionals="0" coveredconditionals="0" methods="0" coveredmethods="0"/>
        <line num="1" count="1" type="stmt"/>
        <line num="3" count="1" type="stmt"/>
      </file>
      <file name="invitation.service.ts" path="C:\Users\MJ\Desktop\Projects\Airtribe\task-master\src\modules\projects\invitation.service.ts">
        <metrics statements="46" coveredstatements="46" conditionals="24" coveredconditionals="24" methods="4" coveredmethods="4"/>
        <line num="1" count="1" type="stmt"/>
        <line num="2" count="1" type="stmt"/>
        <line num="3" count="1" type="stmt"/>
        <line num="5" count="1" type="stmt"/>
        <line num="6" count="7" type="stmt"/>
        <line num="9" count="7" type="stmt"/>
        <line num="15" count="7" type="cond" truecount="2" falsecount="0"/>
        <line num="16" count="1" type="stmt"/>
        <line num="20" count="6" type="cond" truecount="2" falsecount="0"/>
        <line num="21" count="1" type="stmt"/>
        <line num="25" count="5" type="stmt"/>
        <line num="31" count="5" type="cond" truecount="2" falsecount="0"/>
        <line num="32" count="1" type="stmt"/>
        <line num="36" count="4" type="cond" truecount="2" falsecount="0"/>
        <line num="37" count="1" type="stmt"/>
        <line num="41" count="3" type="stmt"/>
        <line num="50" count="3" type="cond" truecount="2" falsecount="0"/>
        <line num="51" count="1" type="stmt"/>
        <line num="55" count="2" type="stmt"/>
        <line num="64" count="2" type="cond" truecount="2" falsecount="0"/>
        <line num="65" count="1" type="stmt"/>
        <line num="69" count="1" type="stmt"/>
        <line num="77" count="1" type="stmt"/>
        <line num="80" count="1" type="stmt"/>
        <line num="81" count="4" type="stmt"/>
        <line num="88" count="4" type="cond" truecount="2" falsecount="0"/>
        <line num="89" count="1" type="stmt"/>
        <line num="93" count="3" type="cond" truecount="2" falsecount="0"/>
        <line num="94" count="1" type="stmt"/>
        <line num="98" count="2" type="cond" truecount="2" falsecount="0"/>
        <line num="99" count="1" type="stmt"/>
        <line num="103" count="1" type="stmt"/>
        <line num="104" count="1" type="stmt"/>
        <line num="113" count="1" type="stmt"/>
        <line num="122" count="1" type="stmt"/>
        <line num="128" count="1" type="stmt"/>
        <line num="131" count="1" type="stmt"/>
        <line num="132" count="4" type="stmt"/>
        <line num="139" count="4" type="cond" truecount="2" falsecount="0"/>
        <line num="140" count="1" type="stmt"/>
        <line num="144" count="3" type="cond" truecount="2" falsecount="0"/>
        <line num="145" count="1" type="stmt"/>
        <line num="149" count="2" type="cond" truecount="2" falsecount="0"/>
        <line num="150" count="1" type="stmt"/>
        <line num="153" count="1" type="stmt"/>
        <line num="162" count="1" type="stmt"/>
      </file>
      <file name="project.controller.ts" path="C:\Users\MJ\Desktop\Projects\Airtribe\task-master\src\modules\projects\project.controller.ts">
        <metrics statements="48" coveredstatements="48" conditionals="0" coveredconditionals="0" methods="7" coveredmethods="7"/>
        <line num="3" count="1" type="stmt"/>
        <line num="13" count="1" type="stmt"/>
        <line num="18" count="2" type="stmt"/>
        <line num="19" count="2" type="stmt"/>
        <line num="21" count="1" type="stmt"/>
        <line num="26" count="1" type="stmt"/>
        <line num="30" count="1" type="stmt"/>
        <line num="35" count="2" type="stmt"/>
        <line num="36" count="2" type="stmt"/>
        <line num="37" count="2" type="stmt"/>
        <line num="39" count="2" type="stmt"/>
        <line num="41" count="1" type="stmt"/>
        <line num="46" count="1" type="stmt"/>
        <line num="50" count="1" type="stmt"/>
        <line num="55" count="2" type="stmt"/>
        <line num="56" count="2" type="stmt"/>
        <line num="57" count="2" type="stmt"/>
        <line num="59" count="2" type="stmt"/>
        <line num="61" count="1" type="stmt"/>
        <line num="66" count="1" type="stmt"/>
        <line num="70" count="1" type="stmt"/>
        <line num="75" count="2" type="stmt"/>
        <line num="76" count="2" type="stmt"/>
        <line num="78" count="2" type="stmt"/>
        <line num="80" count="1" type="stmt"/>
        <line num="85" count="1" type="stmt"/>
        <line num="89" count="1" type="stmt"/>
        <line num="94" count="2" type="stmt"/>
        <line num="95" count="2" type="stmt"/>
        <line num="96" count="2" type="stmt"/>
        <line num="98" count="2" type="stmt"/>
        <line num="100" count="1" type="stmt"/>
        <line num="102" count="1" type="stmt"/>
        <line num="106" count="1" type="stmt"/>
        <line num="111" count="2" type="stmt"/>
        <line num="112" count="2" type="stmt"/>
        <line num="113" count="2" type="stmt"/>
        <line num="115" count="2" type="stmt"/>
        <line num="117" count="1" type="stmt"/>
        <line num="122" count="1" type="stmt"/>
        <line num="126" count="1" type="stmt"/>
        <line num="131" count="2" type="stmt"/>
        <line num="132" count="2" type="stmt"/>
        <line num="133" count="2" type="stmt"/>
        <line num="134" count="2" type="stmt"/>
        <line num="136" count="2" type="stmt"/>
        <line num="138" count="1" type="stmt"/>
        <line num="140" count="1" type="stmt"/>
      </file>
      <file name="project.schema.ts" path="C:\Users\MJ\Desktop\Projects\Airtribe\task-master\src\modules\projects\project.schema.ts">
        <metrics statements="3" coveredstatements="3" conditionals="0" coveredconditionals="0" methods="0" coveredmethods="0"/>
        <line num="1" count="1" type="stmt"/>
        <line num="3" count="1" type="stmt"/>
        <line num="17" count="1" type="stmt"/>
      </file>
      <file name="project.service.ts" path="C:\Users\MJ\Desktop\Projects\Airtribe\task-master\src\modules\projects\project.service.ts">
        <metrics statements="53" coveredstatements="53" conditionals="22" coveredconditionals="22" methods="9" coveredmethods="9"/>
        <line num="1" count="1" type="stmt"/>
        <line num="2" count="1" type="stmt"/>
        <line num="3" count="1" type="stmt"/>
        <line num="5" count="1" type="stmt"/>
        <line num="6" count="3" type="stmt"/>
        <line num="8" count="2" type="stmt"/>
        <line num="9" count="2" type="stmt"/>
        <line num="17" count="2" type="stmt"/>
        <line num="25" count="2" type="stmt"/>
        <line num="28" count="2" type="stmt"/>
        <line num="31" count="1" type="stmt"/>
        <line num="32" count="4" type="stmt"/>
        <line num="34" count="4" type="stmt"/>
        <line num="40" count="4" type="cond" truecount="2" falsecount="0"/>
        <line num="41" count="1" type="stmt"/>
        <line num="44" count="3" type="cond" truecount="2" falsecount="0"/>
        <line num="45" count="1" type="stmt"/>
        <line num="48" count="2" type="stmt"/>
        <line num="55" count="2" type="stmt"/>
        <line num="58" count="1" type="stmt"/>
        <line num="59" count="4" type="stmt"/>
        <line num="68" count="4" type="cond" truecount="2" falsecount="0"/>
        <line num="69" count="1" type="stmt"/>
        <line num="72" count="3" type="stmt"/>
        <line num="74" count="3" type="cond" truecount="4" falsecount="0"/>
        <line num="75" count="1" type="stmt"/>
        <line num="78" count="2" type="stmt"/>
        <line num="81" count="1" type="stmt"/>
        <line num="82" count="2" type="stmt"/>
        <line num="102" count="2" type="stmt"/>
        <line num="105" count="1" type="stmt"/>
        <line num="106" count="3" type="stmt"/>
        <line num="112" count="3" type="cond" truecount="2" falsecount="0"/>
        <line num="113" count="1" type="stmt"/>
        <line num="116" count="2" type="cond" truecount="2" falsecount="0"/>
        <line num="117" count="1" type="stmt"/>
        <line num="120" count="1" type="stmt"/>
        <line num="127" count="1" type="stmt"/>
        <line num="128" count="3" type="stmt"/>
        <line num="134" count="3" type="cond" truecount="2" falsecount="0"/>
        <line num="135" count="1" type="stmt"/>
        <line num="138" count="2" type="stmt"/>
        <line num="147" count="2" type="cond" truecount="2" falsecount="0"/>
        <line num="148" count="1" type="stmt"/>
        <line num="151" count="1" type="stmt"/>
        <line num="170" count="1" type="stmt"/>
        <line num="173" count="1" type="stmt"/>
        <line num="174" count="3" type="stmt"/>
        <line num="183" count="3" type="cond" truecount="2" falsecount="0"/>
        <line num="184" count="1" type="stmt"/>
        <line num="187" count="2" type="cond" truecount="2" falsecount="0"/>
        <line num="188" count="1" type="stmt"/>
        <line num="191" count="1" type="stmt"/>
      </file>
    </package>
    <package name="modules.tasks">
      <metrics statements="186" coveredstatements="186" conditionals="127" coveredconditionals="121" methods="15" coveredmethods="15"/>
      <file name="task.controller.ts" path="C:\Users\MJ\Desktop\Projects\Airtribe\task-master\src\modules\tasks\task.controller.ts">
        <metrics statements="75" coveredstatements="75" conditionals="14" coveredconditionals="14" methods="7" coveredmethods="7"/>
        <line num="2" count="1" type="stmt"/>
        <line num="11" count="1" type="stmt"/>
        <line num="20" count="1" type="stmt"/>
        <line num="25" count="4" type="stmt"/>
        <line num="26" count="4" type="stmt"/>
        <line num="28" count="4" type="cond" truecount="2" falsecount="0"/>
        <line num="29" count="1" type="stmt"/>
        <line num="35" count="1" type="stmt"/>
        <line num="38" count="3" type="stmt"/>
        <line num="40" count="2" type="stmt"/>
        <line num="42" count="1" type="stmt"/>
        <line num="47" count="2" type="stmt"/>
        <line num="51" count="1" type="stmt"/>
        <line num="56" count="3" type="stmt"/>
        <line num="57" count="3" type="stmt"/>
        <line num="59" count="3" type="cond" truecount="2" falsecount="0"/>
        <line num="60" count="1" type="stmt"/>
        <line num="66" count="1" type="stmt"/>
        <line num="69" count="2" type="stmt"/>
        <line num="71" count="2" type="stmt"/>
        <line num="73" count="1" type="stmt"/>
        <line num="78" count="1" type="stmt"/>
        <line num="82" count="1" type="stmt"/>
        <line num="87" count="4" type="stmt"/>
        <line num="88" count="4" type="stmt"/>
        <line num="90" count="4" type="cond" truecount="2" falsecount="0"/>
        <line num="91" count="1" type="stmt"/>
        <line num="97" count="1" type="stmt"/>
        <line num="100" count="3" type="stmt"/>
        <line num="102" count="2" type="stmt"/>
        <line num="104" count="1" type="stmt"/>
        <line num="110" count="2" type="stmt"/>
        <line num="114" count="1" type="stmt"/>
        <line num="119" count="4" type="stmt"/>
        <line num="120" count="4" type="stmt"/>
        <line num="122" count="4" type="cond" truecount="2" falsecount="0"/>
        <line num="123" count="1" type="stmt"/>
        <line num="129" count="1" type="stmt"/>
        <line num="132" count="3" type="stmt"/>
        <line num="134" count="3" type="stmt"/>
        <line num="136" count="2" type="stmt"/>
        <line num="138" count="1" type="stmt"/>
        <line num="143" count="2" type="stmt"/>
        <line num="147" count="1" type="stmt"/>
        <line num="152" count="3" type="stmt"/>
        <line num="153" count="3" type="stmt"/>
        <line num="155" count="3" type="cond" truecount="2" falsecount="0"/>
        <line num="156" count="1" type="stmt"/>
        <line num="162" count="1" type="stmt"/>
        <line num="165" count="2" type="stmt"/>
        <line num="167" count="2" type="stmt"/>
        <line num="169" count="1" type="stmt"/>
        <line num="171" count="1" type="stmt"/>
        <line num="175" count="1" type="stmt"/>
        <line num="180" count="4" type="stmt"/>
        <line num="181" count="4" type="stmt"/>
        <line num="183" count="4" type="cond" truecount="2" falsecount="0"/>
        <line num="184" count="1" type="stmt"/>
        <line num="190" count="1" type="stmt"/>
        <line num="193" count="3" type="stmt"/>
        <line num="195" count="3" type="stmt"/>
        <line num="197" count="2" type="stmt"/>
        <line num="199" count="1" type="stmt"/>
        <line num="204" count="2" type="stmt"/>
        <line num="208" count="1" type="stmt"/>
        <line num="213" count="4" type="stmt"/>
        <line num="214" count="4" type="stmt"/>
        <line num="216" count="4" type="cond" truecount="2" falsecount="0"/>
        <line num="217" count="1" type="stmt"/>
        <line num="223" count="1" type="stmt"/>
        <line num="226" count="3" type="stmt"/>
        <line num="228" count="3" type="stmt"/>
        <line num="230" count="2" type="stmt"/>
        <line num="232" count="1" type="stmt"/>
        <line num="237" count="2" type="stmt"/>
      </file>
      <file name="task.service.ts" path="C:\Users\MJ\Desktop\Projects\Airtribe\task-master\src\modules\tasks\task.service.ts">
        <metrics statements="111" coveredstatements="111" conditionals="113" coveredconditionals="107" methods="8" coveredmethods="8"/>
        <line num="1" count="2" type="stmt"/>
        <line num="2" count="2" type="stmt"/>
        <line num="6" count="2" type="stmt"/>
        <line num="7" count="7" type="stmt"/>
        <line num="10" count="7" type="cond" truecount="2" falsecount="0"/>
        <line num="11" count="4" type="stmt"/>
        <line num="17" count="4" type="cond" truecount="2" falsecount="0"/>
        <line num="18" count="1" type="stmt"/>
        <line num="21" count="3" type="stmt"/>
        <line num="30" count="3" type="cond" truecount="2" falsecount="0"/>
        <line num="31" count="1" type="stmt"/>
        <line num="36" count="5" type="cond" truecount="2" falsecount="0"/>
        <line num="37" count="3" type="cond" truecount="2" falsecount="0"/>
        <line num="38" count="1" type="stmt"/>
        <line num="47" count="1" type="cond" truecount="1" falsecount="1"/>
        <line num="48" count="1" type="stmt"/>
        <line num="51" count="2" type="stmt"/>
        <line num="57" count="2" type="cond" truecount="2" falsecount="0"/>
        <line num="58" count="1" type="stmt"/>
        <line num="63" count="3" type="stmt"/>
        <line num="74" count="3" type="stmt"/>
        <line num="77" count="2" type="stmt"/>
        <line num="78" count="7" type="stmt"/>
        <line num="84" count="7" type="cond" truecount="2" falsecount="0"/>
        <line num="85" count="1" type="stmt"/>
        <line num="89" count="6" type="cond" truecount="2" falsecount="0"/>
        <line num="90" count="4" type="cond" truecount="4" falsecount="0"/>
        <line num="91" count="1" type="stmt"/>
        <line num="94" count="3" type="stmt"/>
        <line num="98" count="2" type="stmt"/>
        <line num="107" count="2" type="cond" truecount="2" falsecount="0"/>
        <line num="108" count="1" type="stmt"/>
        <line num="111" count="1" type="stmt"/>
        <line num="114" count="2" type="stmt"/>
        <line num="128" count="3" type="stmt"/>
        <line num="137" count="3" type="stmt"/>
        <line num="139" count="3" type="cond" truecount="2" falsecount="0"/>
        <line num="140" count="3" type="cond" truecount="2" falsecount="0"/>
        <line num="141" count="3" type="stmt"/>
        <line num="143" count="3" type="stmt"/>
        <line num="147" count="3" type="stmt"/>
        <line num="233" count="3" type="stmt"/>
        <line num="246" count="3" type="stmt"/>
        <line num="248" count="3" type="stmt"/>
        <line num="259" count="2" type="stmt"/>
        <line num="260" count="8" type="stmt"/>
        <line num="266" count="8" type="cond" truecount="2" falsecount="0"/>
        <line num="267" count="1" type="stmt"/>
        <line num="271" count="7" type="cond" truecount="2" falsecount="0"/>
        <line num="272" count="4" type="cond" truecount="4" falsecount="0"/>
        <line num="273" count="1" type="stmt"/>
        <line num="278" count="6" type="cond" truecount="2" falsecount="0"/>
        <line num="279" count="3" type="stmt"/>
        <line num="288" count="3" type="cond" truecount="2" falsecount="0"/>
        <line num="289" count="1" type="stmt"/>
        <line num="294" count="5" type="cond" truecount="4" falsecount="0"/>
        <line num="295" count="2" type="stmt"/>
        <line num="304" count="2" type="cond" truecount="2" falsecount="0"/>
        <line num="305" count="1" type="stmt"/>
        <line num="310" count="4" type="cond" truecount="4" falsecount="0"/>
        <line num="311" count="1" type="stmt"/>
        <line num="317" count="1" type="cond" truecount="1" falsecount="1"/>
        <line num="318" count="1" type="stmt"/>
        <line num="322" count="3" type="stmt"/>
        <line num="337" count="3" type="stmt"/>
        <line num="340" count="2" type="stmt"/>
        <line num="341" count="5" type="stmt"/>
        <line num="347" count="5" type="cond" truecount="2" falsecount="0"/>
        <line num="348" count="1" type="stmt"/>
        <line num="352" count="4" type="cond" truecount="2" falsecount="0"/>
        <line num="353" count="2" type="cond" truecount="2" falsecount="0"/>
        <line num="354" count="1" type="stmt"/>
        <line num="359" count="3" type="cond" truecount="2" falsecount="0"/>
        <line num="360" count="2" type="stmt"/>
        <line num="369" count="2" type="cond" truecount="2" falsecount="0"/>
        <line num="370" count="1" type="stmt"/>
        <line num="377" count="2" type="stmt"/>
        <line num="384" count="2" type="stmt"/>
        <line num="385" count="7" type="stmt"/>
        <line num="391" count="7" type="cond" truecount="2" falsecount="0"/>
        <line num="392" count="1" type="stmt"/>
        <line num="396" count="6" type="cond" truecount="2" falsecount="0"/>
        <line num="397" count="3" type="cond" truecount="2" falsecount="0"/>
        <line num="398" count="1" type="stmt"/>
        <line num="401" count="2" type="stmt"/>
        <line num="407" count="2" type="cond" truecount="2" falsecount="0"/>
        <line num="408" count="1" type="stmt"/>
        <line num="413" count="4" type="cond" truecount="2" falsecount="0"/>
        <line num="414" count="3" type="stmt"/>
        <line num="423" count="3" type="cond" truecount="2" falsecount="0"/>
        <line num="424" count="1" type="stmt"/>
        <line num="427" count="2" type="stmt"/>
        <line num="436" count="2" type="cond" truecount="2" falsecount="0"/>
        <line num="437" count="1" type="stmt"/>
        <line num="441" count="2" type="stmt"/>
        <line num="450" count="2" type="stmt"/>
        <line num="453" count="2" type="stmt"/>
        <line num="454" count="6" type="stmt"/>
        <line num="460" count="6" type="cond" truecount="2" falsecount="0"/>
        <line num="461" count="1" type="stmt"/>
        <line num="465" count="5" type="cond" truecount="2" falsecount="0"/>
        <line num="466" count="1" type="stmt"/>
        <line num="470" count="4" type="cond" truecount="2" falsecount="0"/>
        <line num="471" count="2" type="cond" truecount="4" falsecount="0"/>
        <line num="472" count="1" type="stmt"/>
        <line num="477" count="3" type="cond" truecount="2" falsecount="0"/>
        <line num="478" count="2" type="stmt"/>
        <line num="487" count="2" type="cond" truecount="2" falsecount="0"/>
        <line num="488" count="1" type="stmt"/>
        <line num="492" count="2" type="stmt"/>
        <line num="501" count="2" type="stmt"/>
      </file>
    </package>
    <package name="modules.users">
      <metrics statements="25" coveredstatements="25" conditionals="2" coveredconditionals="2" methods="4" coveredmethods="4"/>
      <file name="users.controller.ts" path="C:\Users\MJ\Desktop\Projects\Airtribe\task-master\src\modules\users\users.controller.ts">
        <metrics statements="13" coveredstatements="13" conditionals="0" coveredconditionals="0" methods="2" coveredmethods="2"/>
        <line num="3" count="1" type="stmt"/>
        <line num="4" count="1" type="stmt"/>
        <line num="6" count="1" type="stmt"/>
        <line num="11" count="2" type="stmt"/>
        <line num="12" count="2" type="stmt"/>
        <line num="14" count="1" type="stmt"/>
        <line num="19" count="1" type="stmt"/>
        <line num="23" count="1" type="stmt"/>
        <line num="28" count="5" type="stmt"/>
        <line num="29" count="5" type="stmt"/>
        <line num="31" count="3" type="stmt"/>
        <line num="33" count="2" type="stmt"/>
        <line num="38" count="3" type="stmt"/>
      </file>
      <file name="users.schema.ts" path="C:\Users\MJ\Desktop\Projects\Airtribe\task-master\src\modules\users\users.schema.ts">
        <metrics statements="2" coveredstatements="2" conditionals="0" coveredconditionals="0" methods="0" coveredmethods="0"/>
        <line num="1" count="1" type="stmt"/>
        <line num="3" count="1" type="stmt"/>
      </file>
      <file name="users.service.ts" path="C:\Users\MJ\Desktop\Projects\Airtribe\task-master\src\modules\users\users.service.ts">
        <metrics statements="10" coveredstatements="10" conditionals="2" coveredconditionals="2" methods="2" coveredmethods="2"/>
        <line num="1" count="1" type="stmt"/>
        <line num="2" count="1" type="stmt"/>
        <line num="4" count="1" type="stmt"/>
        <line num="5" count="2" type="stmt"/>
        <line num="19" count="2" type="cond" truecount="2" falsecount="0"/>
        <line num="20" count="1" type="stmt"/>
        <line num="23" count="1" type="stmt"/>
        <line num="30" count="1" type="stmt"/>
        <line num="31" count="3" type="stmt"/>
        <line num="46" count="2" type="stmt"/>
      </file>
    </package>
    <package name="utils">
      <metrics statements="4" coveredstatements="4" conditionals="0" coveredconditionals="0" methods="1" coveredmethods="1"/>
      <file name="appError.ts" path="C:\Users\MJ\Desktop\Projects\Airtribe\task-master\src\utils\appError.ts">
        <metrics statements="4" coveredstatements="4" conditionals="0" coveredconditionals="0" methods="1" coveredmethods="1"/>
        <line num="1" count="8" type="stmt"/>
        <line num="5" count="110" type="stmt"/>
        <line num="7" count="110" type="stmt"/>
        <line num="8" count="110" type="stmt"/>
      </file>
    </package>
  </project>
</coverage>
