{
  "C:\\Users\\MJ\\Desktop\\Projects\\Airtribe\\task-master\\src\\config\\prisma.ts": {
    "path": "C:\\Users\\MJ\\Desktop\\Projects\\Airtribe\\task-master\\src\\config\\prisma.ts",
    "statementMap": {
      "0": { "start": { "line": 1, "column": 0 }, "end": { "line": 1, "column": 23 } },
      "1": { "start": { "line": 2, "column": 0 }, "end": { "line": 2, "column": 26 } },
      "2": { "start": { "line": 3, "column": 0 }, "end": { "line": 3, "column": 46 } },
      "3": { "start": { "line": 4, "column": 0 }, "end": { "line": 4, "column": 58 } },
      "4": { "start": { "line": 10, "column": 25 }, "end": { "line": 10, "column": 49 } },
      "5": { "start": { "line": 12, "column": 0 }, "end": { "line": 14, "column": 1 } },
      "6": { "start": { "line": 13, "column": 2 }, "end": { "line": 13, "column": 67 } },
      "7": { "start": { "line": 16, "column": 13 }, "end": { "line": 18, "column": 2 } },
      "8": { "start": { "line": 30, "column": 9 }, "end": { "line": 30, "column": 13 } },
      "9": { "start": { "line": 20, "column": 16 }, "end": { "line": 20, "column": 34 } },
      "10": { "start": { "line": 22, "column": 24 }, "end": { "line": 22, "column": 70 } },
      "11": { "start": { "line": 24, "column": 13 }, "end": { "line": 24, "column": 78 } },
      "12": { "start": { "line": 26, "column": 0 }, "end": { "line": 28, "column": 1 } },
      "13": { "start": { "line": 27, "column": 2 }, "end": { "line": 27, "column": 34 } },
      "14": { "start": { "line": 32, "column": 0 }, "end": { "line": 32, "column": 22 } }
    },
    "fnMap": {},
    "branchMap": {
      "0": {
        "loc": { "start": { "line": 12, "column": 0 }, "end": { "line": 14, "column": 1 } },
        "type": "if",
        "locations": [
          { "start": { "line": 12, "column": 0 }, "end": { "line": 14, "column": 1 } },
          { "start": {}, "end": {} }
        ]
      },
      "1": {
        "loc": { "start": { "line": 24, "column": 22 }, "end": { "line": 24, "column": 77 } },
        "type": "binary-expr",
        "locations": [
          { "start": { "line": 24, "column": 22 }, "end": { "line": 24, "column": 44 } },
          { "start": { "line": 24, "column": 48 }, "end": { "line": 24, "column": 77 } }
        ]
      },
      "2": {
        "loc": { "start": { "line": 26, "column": 0 }, "end": { "line": 28, "column": 1 } },
        "type": "if",
        "locations": [
          { "start": { "line": 26, "column": 0 }, "end": { "line": 28, "column": 1 } },
          { "start": {}, "end": {} }
        ]
      }
    },
    "s": {
      "0": 1,
      "1": 1,
      "2": 1,
      "3": 1,
      "4": 1,
      "5": 1,
      "6": 0,
      "7": 1,
      "8": 1,
      "9": 1,
      "10": 1,
      "11": 1,
      "12": 1,
      "13": 1,
      "14": 1
    },
    "f": {},
    "b": { "0": [0, 1], "1": [1, 1], "2": [1, 0] }
  },
  "C:\\Users\\MJ\\Desktop\\Projects\\Airtribe\\task-master\\src\\generated\\prisma\\client.ts": {
    "path": "C:\\Users\\MJ\\Desktop\\Projects\\Airtribe\\task-master\\src\\generated\\prisma\\client.ts",
    "statementMap": {
      "0": { "start": { "line": 18, "column": 0 }, "end": { "line": 18, "column": 42 } },
      "1": { "start": { "line": 19, "column": 0 }, "end": { "line": 19, "column": 52 } },
      "2": { "start": { "line": 40, "column": 9 }, "end": { "line": 40, "column": 15 } },
      "3": { "start": { "line": 21, "column": 0 }, "end": { "line": 21, "column": 33 } },
      "4": { "start": { "line": 22, "column": 0 }, "end": { "line": 22, "column": 23 } },
      "5": { "start": { "line": 38, "column": 13 }, "end": { "line": 38, "column": null } }
    },
    "fnMap": {},
    "branchMap": {},
    "s": { "0": 1, "1": 1, "2": 1, "3": 1, "4": 1, "5": 1 },
    "f": {},
    "b": {}
  },
  "C:\\Users\\MJ\\Desktop\\Projects\\Airtribe\\task-master\\src\\generated\\prisma\\enums.ts": {
    "path": "C:\\Users\\MJ\\Desktop\\Projects\\Airtribe\\task-master\\src\\generated\\prisma\\enums.ts",
    "statementMap": {
      "0": { "start": { "line": 12, "column": 13 }, "end": { "line": 15, "column": null } },
      "1": { "start": { "line": 20, "column": 13 }, "end": { "line": 25, "column": null } },
      "2": { "start": { "line": 30, "column": 13 }, "end": { "line": 34, "column": null } }
    },
    "fnMap": {},
    "branchMap": {},
    "s": { "0": 3, "1": 3, "2": 3 },
    "f": {},
    "b": {}
  },
  "C:\\Users\\MJ\\Desktop\\Projects\\Airtribe\\task-master\\src\\generated\\prisma\\internal\\class.ts": {
    "path": "C:\\Users\\MJ\\Desktop\\Projects\\Airtribe\\task-master\\src\\generated\\prisma\\internal\\class.ts",
    "statementMap": {
      "0": { "start": { "line": 252, "column": 0 }, "end": { "line": 252, "column": 16 } },
      "1": { "start": { "line": 14, "column": 0 }, "end": { "line": 14, "column": 56 } },
      "2": { "start": { "line": 18, "column": 46 }, "end": { "line": 33, "column": null } },
      "3": { "start": { "line": 35, "column": 0 }, "end": { "line": 35, "column": null } },
      "4": { "start": { "line": 36, "column": 0 }, "end": { "line": 39, "column": null } },
      "5": { "start": { "line": 42, "column": 21 }, "end": { "line": 42, "column": 48 } },
      "6": { "start": { "line": 43, "column": 20 }, "end": { "line": 43, "column": 53 } },
      "7": { "start": { "line": 44, "column": 2 }, "end": { "line": 44, "column": null } },
      "8": { "start": { "line": 47, "column": 0 }, "end": { "line": 56, "column": null } },
      "9": { "start": { "line": 48, "column": 26 }, "end": { "line": 48, "column": 101 } },
      "10": { "start": { "line": 51, "column": 21 }, "end": { "line": 51, "column": 108 } },
      "11": { "start": { "line": 52, "column": 4 }, "end": { "line": 52, "column": null } },
      "12": { "start": { "line": 253, "column": 2 }, "end": { "line": 253, "column": null } }
    },
    "fnMap": {
      "0": {
        "name": "decodeBase64AsWasm",
        "decl": { "start": { "line": 41, "column": 15 }, "end": { "line": 41, "column": 33 } },
        "loc": { "start": { "line": 41, "column": 52 }, "end": { "line": 45, "column": 1 } }
      },
      "1": {
        "name": "(anonymous_10)",
        "decl": { "start": { "line": 42, "column": 21 }, "end": { "line": 42, "column": 34 } },
        "loc": { "start": { "line": 42, "column": 21 }, "end": { "line": 42, "column": 48 } }
      },
      "2": {
        "name": "(anonymous_11)",
        "decl": { "start": { "line": 48, "column": 14 }, "end": { "line": 48, "column": 19 } },
        "loc": { "start": { "line": 48, "column": 26 }, "end": { "line": 48, "column": 101 } }
      },
      "3": {
        "name": "(anonymous_12)",
        "decl": { "start": { "line": 48, "column": 26 }, "end": { "line": 48, "column": 39 } },
        "loc": { "start": { "line": 48, "column": 26 }, "end": { "line": 48, "column": 101 } }
      },
      "4": {
        "name": "(anonymous_13)",
        "decl": { "start": { "line": 50, "column": 30 }, "end": { "line": 50, "column": 35 } },
        "loc": { "start": { "line": 50, "column": 41 }, "end": { "line": 53, "column": 3 } }
      },
      "5": {
        "name": "(anonymous_14)",
        "decl": { "start": { "line": 51, "column": 21 }, "end": { "line": 51, "column": 34 } },
        "loc": { "start": { "line": 51, "column": 21 }, "end": { "line": 51, "column": 108 } }
      },
      "6": {
        "name": "getPrismaClientClass",
        "decl": { "start": { "line": 252, "column": 16 }, "end": { "line": 252, "column": 36 } },
        "loc": { "start": { "line": 252, "column": 36 }, "end": { "line": 254, "column": 1 } }
      }
    },
    "branchMap": {},
    "s": {
      "0": 1,
      "1": 1,
      "2": 1,
      "3": 1,
      "4": 1,
      "5": 0,
      "6": 0,
      "7": 0,
      "8": 1,
      "9": 0,
      "10": 0,
      "11": 0,
      "12": 1
    },
    "f": { "0": 0, "1": 0, "2": 0, "3": 0, "4": 0, "5": 0, "6": 1 },
    "b": {}
  },
  "C:\\Users\\MJ\\Desktop\\Projects\\Airtribe\\task-master\\src\\generated\\prisma\\internal\\prismaNamespace.ts": {
    "path": "C:\\Users\\MJ\\Desktop\\Projects\\Airtribe\\task-master\\src\\generated\\prisma\\internal\\prismaNamespace.ts",
    "statementMap": {
      "0": { "start": { "line": 18, "column": 0 }, "end": { "line": 18, "column": 56 } },
      "1": { "start": { "line": 32, "column": 13 }, "end": { "line": 32, "column": null } },
      "2": { "start": { "line": 35, "column": 13 }, "end": { "line": 35, "column": null } },
      "3": { "start": { "line": 38, "column": 13 }, "end": { "line": 38, "column": null } },
      "4": { "start": { "line": 41, "column": 13 }, "end": { "line": 41, "column": null } },
      "5": { "start": { "line": 44, "column": 13 }, "end": { "line": 44, "column": null } },
      "6": { "start": { "line": 50, "column": 13 }, "end": { "line": 50, "column": null } },
      "7": { "start": { "line": 51, "column": 13 }, "end": { "line": 51, "column": null } },
      "8": { "start": { "line": 52, "column": 13 }, "end": { "line": 52, "column": null } },
      "9": { "start": { "line": 53, "column": 13 }, "end": { "line": 53, "column": null } },
      "10": { "start": { "line": 54, "column": 13 }, "end": { "line": 54, "column": null } },
      "11": { "start": { "line": 62, "column": 13 }, "end": { "line": 62, "column": null } },
      "12": { "start": { "line": 71, "column": 13 }, "end": { "line": 71, "column": null } },
      "13": { "start": { "line": 86, "column": 13 }, "end": { "line": 89, "column": null } },
      "14": { "start": { "line": 104, "column": 13 }, "end": { "line": 108, "column": null } },
      "15": { "start": { "line": 114, "column": 13 }, "end": { "line": 114, "column": null } },
      "16": { "start": { "line": 121, "column": 13 }, "end": { "line": 121, "column": null } },
      "17": { "start": { "line": 128, "column": 13 }, "end": { "line": 128, "column": null } },
      "18": { "start": { "line": 399, "column": 13 }, "end": { "line": 406, "column": null } },
      "19": { "start": { "line": 898, "column": 13 }, "end": { "line": 903, "column": null } },
      "20": { "start": { "line": 908, "column": 13 }, "end": { "line": 918, "column": null } },
      "21": { "start": { "line": 923, "column": 13 }, "end": { "line": 932, "column": null } },
      "22": { "start": { "line": 937, "column": 13 }, "end": { "line": 944, "column": null } },
      "23": { "start": { "line": 949, "column": 13 }, "end": { "line": 955, "column": null } },
      "24": { "start": { "line": 960, "column": 13 }, "end": { "line": 971, "column": null } },
      "25": { "start": { "line": 976, "column": 13 }, "end": { "line": 984, "column": null } },
      "26": { "start": { "line": 989, "column": 13 }, "end": { "line": 992, "column": null } },
      "27": { "start": { "line": 997, "column": 13 }, "end": { "line": 1000, "column": null } },
      "28": { "start": { "line": 1005, "column": 13 }, "end": { "line": 1008, "column": null } },
      "29": { "start": { "line": 1116, "column": 13 }, "end": { "line": 1116, "column": null } }
    },
    "fnMap": {},
    "branchMap": {},
    "s": {
      "0": 1,
      "1": 1,
      "2": 1,
      "3": 1,
      "4": 1,
      "5": 1,
      "6": 1,
      "7": 1,
      "8": 1,
      "9": 1,
      "10": 1,
      "11": 1,
      "12": 1,
      "13": 1,
      "14": 1,
      "15": 1,
      "16": 1,
      "17": 1,
      "18": 1,
      "19": 1,
      "20": 1,
      "21": 1,
      "22": 1,
      "23": 1,
      "24": 1,
      "25": 1,
      "26": 1,
      "27": 1,
      "28": 1,
      "29": 1
    },
    "f": {},
    "b": {}
  },
  "C:\\Users\\MJ\\Desktop\\Projects\\Airtribe\\task-master\\src\\middleware\\auth.middleware.ts": {
    "path": "C:\\Users\\MJ\\Desktop\\Projects\\Airtribe\\task-master\\src\\middleware\\auth.middleware.ts",
    "statementMap": {
      "0": { "start": { "line": 2, "column": 0 }, "end": { "line": 2, "column": 49 } },
      "1": { "start": { "line": 3, "column": 0 }, "end": { "line": 3, "column": 45 } },
      "2": { "start": { "line": 9, "column": 28 }, "end": { "line": 39, "column": 1 } },
      "3": { "start": { "line": 14, "column": 2 }, "end": { "line": 38, "column": 3 } },
      "4": { "start": { "line": 15, "column": 26 }, "end": { "line": 15, "column": 51 } },
      "5": { "start": { "line": 17, "column": 4 }, "end": { "line": 19, "column": 5 } },
      "6": { "start": { "line": 18, "column": 6 }, "end": { "line": 18, "column": 57 } },
      "7": { "start": { "line": 21, "column": 28 }, "end": { "line": 21, "column": 52 } },
      "8": { "start": { "line": 23, "column": 4 }, "end": { "line": 25, "column": 5 } },
      "9": { "start": { "line": 24, "column": 6 }, "end": { "line": 24, "column": 62 } },
      "10": { "start": { "line": 27, "column": 20 }, "end": { "line": 27, "column": 44 } },
      "11": { "start": { "line": 29, "column": 4 }, "end": { "line": 31, "column": 5 } },
      "12": { "start": { "line": 30, "column": 6 }, "end": { "line": 30, "column": 54 } },
      "13": { "start": { "line": 33, "column": 4 }, "end": { "line": 33, "column": 42 } },
      "14": { "start": { "line": 35, "column": 4 }, "end": { "line": 35, "column": 11 } },
      "15": { "start": { "line": 37, "column": 4 }, "end": { "line": 37, "column": 99 } },
      "16": { "start": { "line": 9, "column": 13 }, "end": { "line": 9, "column": 28 } }
    },
    "fnMap": {
      "0": {
        "name": "(anonymous_0)",
        "decl": { "start": { "line": 9, "column": 28 }, "end": { "line": 9, "column": null } },
        "loc": { "start": { "line": 13, "column": 10 }, "end": { "line": 39, "column": 1 } }
      }
    },
    "branchMap": {
      "0": {
        "loc": { "start": { "line": 17, "column": 4 }, "end": { "line": 19, "column": 5 } },
        "type": "if",
        "locations": [
          { "start": { "line": 17, "column": 4 }, "end": { "line": 19, "column": 5 } },
          { "start": {}, "end": {} }
        ]
      },
      "1": {
        "loc": { "start": { "line": 23, "column": 4 }, "end": { "line": 25, "column": 5 } },
        "type": "if",
        "locations": [
          { "start": { "line": 23, "column": 4 }, "end": { "line": 25, "column": 5 } },
          { "start": {}, "end": {} }
        ]
      },
      "2": {
        "loc": { "start": { "line": 23, "column": 8 }, "end": { "line": 23, "column": 37 } },
        "type": "binary-expr",
        "locations": [
          { "start": { "line": 23, "column": 8 }, "end": { "line": 23, "column": 27 } },
          { "start": { "line": 23, "column": 31 }, "end": { "line": 23, "column": 37 } }
        ]
      },
      "3": {
        "loc": { "start": { "line": 29, "column": 4 }, "end": { "line": 31, "column": 5 } },
        "type": "if",
        "locations": [
          { "start": { "line": 29, "column": 4 }, "end": { "line": 31, "column": 5 } },
          { "start": {}, "end": {} }
        ]
      },
      "4": {
        "loc": { "start": { "line": 29, "column": 8 }, "end": { "line": 29, "column": 81 } },
        "type": "binary-expr",
        "locations": [
          { "start": { "line": 29, "column": 8 }, "end": { "line": 29, "column": 35 } },
          { "start": { "line": 29, "column": 39 }, "end": { "line": 29, "column": 55 } },
          { "start": { "line": 29, "column": 59 }, "end": { "line": 29, "column": 81 } }
        ]
      },
      "5": {
        "loc": { "start": { "line": 37, "column": 9 }, "end": { "line": 37, "column": 97 } },
        "type": "cond-expr",
        "locations": [
          { "start": { "line": 37, "column": 37 }, "end": { "line": 37, "column": 42 } },
          { "start": { "line": 37, "column": 45 }, "end": { "line": 37, "column": 97 } }
        ]
      }
    },
    "s": {
      "0": 1,
      "1": 1,
      "2": 1,
      "3": 8,
      "4": 8,
      "5": 8,
      "6": 1,
      "7": 7,
      "8": 7,
      "9": 2,
      "10": 5,
      "11": 2,
      "12": 1,
      "13": 1,
      "14": 1,
      "15": 7,
      "16": 1
    },
    "f": { "0": 8 },
    "b": { "0": [1, 7], "1": [2, 5], "2": [7, 6], "3": [1, 1], "4": [2, 2, 2], "5": [5, 2] }
  },
  "C:\\Users\\MJ\\Desktop\\Projects\\Airtribe\\task-master\\src\\middleware\\error.middleware.ts": {
    "path": "C:\\Users\\MJ\\Desktop\\Projects\\Airtribe\\task-master\\src\\middleware\\error.middleware.ts",
    "statementMap": {
      "0": { "start": { "line": 2, "column": 0 }, "end": { "line": 2, "column": 31 } },
      "1": { "start": { "line": 3, "column": 0 }, "end": { "line": 3, "column": 45 } },
      "2": { "start": { "line": 5, "column": 52 }, "end": { "line": 37, "column": 1 } },
      "3": { "start": { "line": 6, "column": 2 }, "end": { "line": 16, "column": 3 } },
      "4": { "start": { "line": 7, "column": 4 }, "end": { "line": 13, "column": 7 } },
      "5": { "start": { "line": 15, "column": 4 }, "end": { "line": 15, "column": 11 } },
      "6": { "start": { "line": 18, "column": 2 }, "end": { "line": 27, "column": 3 } },
      "7": { "start": { "line": 19, "column": 4 }, "end": { "line": 24, "column": 7 } },
      "8": { "start": { "line": 26, "column": 4 }, "end": { "line": 26, "column": 11 } },
      "9": { "start": { "line": 29, "column": 2 }, "end": { "line": 29, "column": 23 } },
      "10": { "start": { "line": 31, "column": 2 }, "end": { "line": 36, "column": 5 } },
      "11": { "start": { "line": 5, "column": 13 }, "end": { "line": 5, "column": 52 } }
    },
    "fnMap": {
      "0": {
        "name": "(anonymous_0)",
        "decl": { "start": { "line": 5, "column": 52 }, "end": { "line": 5, "column": 53 } },
        "loc": { "start": { "line": 5, "column": 80 }, "end": { "line": 37, "column": 1 } }
      }
    },
    "branchMap": {
      "0": {
        "loc": { "start": { "line": 6, "column": 2 }, "end": { "line": 16, "column": 3 } },
        "type": "if",
        "locations": [
          { "start": { "line": 6, "column": 2 }, "end": { "line": 16, "column": 3 } },
          { "start": {}, "end": {} }
        ]
      },
      "1": {
        "loc": { "start": { "line": 18, "column": 2 }, "end": { "line": 27, "column": 3 } },
        "type": "if",
        "locations": [
          { "start": { "line": 18, "column": 2 }, "end": { "line": 27, "column": 3 } },
          { "start": {}, "end": {} }
        ]
      },
      "2": {
        "loc": { "start": { "line": 34, "column": 15 }, "end": { "line": 34, "column": 55 } },
        "type": "binary-expr",
        "locations": [
          { "start": { "line": 34, "column": 15 }, "end": { "line": 34, "column": 28 } },
          { "start": { "line": 34, "column": 32 }, "end": { "line": 34, "column": 55 } }
        ]
      }
    },
    "s": {
      "0": 1,
      "1": 1,
      "2": 1,
      "3": 5,
      "4": 1,
      "5": 1,
      "6": 4,
      "7": 2,
      "8": 2,
      "9": 2,
      "10": 2,
      "11": 1
    },
    "f": { "0": 5 },
    "b": { "0": [1, 4], "1": [2, 2], "2": [2, 1] }
  },
  "C:\\Users\\MJ\\Desktop\\Projects\\Airtribe\\task-master\\src\\middleware\\projectAuthorization.middleware.ts": {
    "path": "C:\\Users\\MJ\\Desktop\\Projects\\Airtribe\\task-master\\src\\middleware\\projectAuthorization.middleware.ts",
    "statementMap": {
      "0": { "start": { "line": 3, "column": 0 }, "end": { "line": 3, "column": 38 } },
      "1": { "start": { "line": 6, "column": 34 }, "end": { "line": 56, "column": 1 } },
      "2": { "start": { "line": 7, "column": 2 }, "end": { "line": 55, "column": 4 } },
      "3": { "start": { "line": 8, "column": 4 }, "end": { "line": 54, "column": 5 } },
      "4": { "start": { "line": 9, "column": 24 }, "end": { "line": 9, "column": 47 } },
      "5": { "start": { "line": 10, "column": 21 }, "end": { "line": 10, "column": 31 } },
      "6": { "start": { "line": 12, "column": 6 }, "end": { "line": 20, "column": 7 } },
      "7": { "start": { "line": 13, "column": 8 }, "end": { "line": 18, "column": 11 } },
      "8": { "start": { "line": 19, "column": 8 }, "end": { "line": 19, "column": 15 } },
      "9": { "start": { "line": 22, "column": 25 }, "end": { "line": 29, "column": 8 } },
      "10": { "start": { "line": 31, "column": 6 }, "end": { "line": 39, "column": 7 } },
      "11": { "start": { "line": 32, "column": 8 }, "end": { "line": 37, "column": 11 } },
      "12": { "start": { "line": 38, "column": 8 }, "end": { "line": 38, "column": 15 } },
      "13": { "start": { "line": 41, "column": 6 }, "end": { "line": 49, "column": 7 } },
      "14": { "start": { "line": 42, "column": 8 }, "end": { "line": 47, "column": 11 } },
      "15": { "start": { "line": 48, "column": 8 }, "end": { "line": 48, "column": 15 } },
      "16": { "start": { "line": 51, "column": 6 }, "end": { "line": 51, "column": 13 } },
      "17": { "start": { "line": 53, "column": 6 }, "end": { "line": 53, "column": 18 } },
      "18": { "start": { "line": 6, "column": 13 }, "end": { "line": 6, "column": 34 } }
    },
    "fnMap": {
      "0": {
        "name": "(anonymous_1)",
        "decl": { "start": { "line": 6, "column": 34 }, "end": { "line": 6, "column": 35 } },
        "loc": { "start": { "line": 6, "column": 72 }, "end": { "line": 56, "column": 1 } }
      },
      "1": {
        "name": "(anonymous_2)",
        "decl": { "start": { "line": 7, "column": 9 }, "end": { "line": 7, "column": 14 } },
        "loc": { "start": { "line": 7, "column": 95 }, "end": { "line": 55, "column": 3 } }
      }
    },
    "branchMap": {
      "0": {
        "loc": { "start": { "line": 12, "column": 6 }, "end": { "line": 20, "column": 7 } },
        "type": "if",
        "locations": [
          { "start": { "line": 12, "column": 6 }, "end": { "line": 20, "column": 7 } },
          { "start": {}, "end": {} }
        ]
      },
      "1": {
        "loc": { "start": { "line": 31, "column": 6 }, "end": { "line": 39, "column": 7 } },
        "type": "if",
        "locations": [
          { "start": { "line": 31, "column": 6 }, "end": { "line": 39, "column": 7 } },
          { "start": {}, "end": {} }
        ]
      },
      "2": {
        "loc": { "start": { "line": 41, "column": 6 }, "end": { "line": 49, "column": 7 } },
        "type": "if",
        "locations": [
          { "start": { "line": 41, "column": 6 }, "end": { "line": 49, "column": 7 } },
          { "start": {}, "end": {} }
        ]
      }
    },
    "s": {
      "0": 1,
      "1": 1,
      "2": 6,
      "3": 6,
      "4": 6,
      "5": 6,
      "6": 6,
      "7": 1,
      "8": 1,
      "9": 5,
      "10": 4,
      "11": 1,
      "12": 1,
      "13": 3,
      "14": 1,
      "15": 1,
      "16": 2,
      "17": 1,
      "18": 1
    },
    "f": { "0": 6, "1": 6 },
    "b": { "0": [1, 5], "1": [1, 3], "2": [1, 2] }
  },
  "C:\\Users\\MJ\\Desktop\\Projects\\Airtribe\\task-master\\src\\middleware\\validate.middleware.ts": {
    "path": "C:\\Users\\MJ\\Desktop\\Projects\\Airtribe\\task-master\\src\\middleware\\validate.middleware.ts",
    "statementMap": {
      "0": { "start": { "line": 4, "column": 30 }, "end": { "line": 13, "column": 1 } },
      "1": { "start": { "line": 5, "column": 2 }, "end": { "line": 12, "column": 4 } },
      "2": { "start": { "line": 6, "column": 4 }, "end": { "line": 11, "column": 5 } },
      "3": { "start": { "line": 7, "column": 6 }, "end": { "line": 7, "column": 31 } },
      "4": { "start": { "line": 8, "column": 6 }, "end": { "line": 8, "column": 13 } },
      "5": { "start": { "line": 10, "column": 6 }, "end": { "line": 10, "column": 18 } },
      "6": { "start": { "line": 4, "column": 13 }, "end": { "line": 4, "column": 30 } }
    },
    "fnMap": {
      "0": {
        "name": "(anonymous_0)",
        "decl": { "start": { "line": 4, "column": 30 }, "end": { "line": 4, "column": 31 } },
        "loc": { "start": { "line": 4, "column": 52 }, "end": { "line": 13, "column": 1 } }
      },
      "1": {
        "name": "(anonymous_1)",
        "decl": { "start": { "line": 5, "column": 9 }, "end": { "line": 5, "column": 10 } },
        "loc": { "start": { "line": 5, "column": 68 }, "end": { "line": 12, "column": 3 } }
      }
    },
    "branchMap": {},
    "s": { "0": 1, "1": 5, "2": 5, "3": 5, "4": 2, "5": 3, "6": 1 },
    "f": { "0": 5, "1": 5 },
    "b": {}
  },
  "C:\\Users\\MJ\\Desktop\\Projects\\Airtribe\\task-master\\src\\modules\\auth\\auth.controller.ts": {
    "path": "C:\\Users\\MJ\\Desktop\\Projects\\Airtribe\\task-master\\src\\modules\\auth\\auth.controller.ts",
    "statementMap": {
      "0": { "start": { "line": 2, "column": 0 }, "end": { "line": 2, "column": 88 } },
      "1": { "start": { "line": 3, "column": 0 }, "end": { "line": 3, "column": 89 } },
      "2": { "start": { "line": 5, "column": 24 }, "end": { "line": 18, "column": 1 } },
      "3": { "start": { "line": 6, "column": 2 }, "end": { "line": 17, "column": 3 } },
      "4": { "start": { "line": 7, "column": 17 }, "end": { "line": 7, "column": 51 } },
      "5": { "start": { "line": 9, "column": 17 }, "end": { "line": 9, "column": 41 } },
      "6": { "start": { "line": 11, "column": 4 }, "end": { "line": 14, "column": 7 } },
      "7": { "start": { "line": 16, "column": 4 }, "end": { "line": 16, "column": 16 } },
      "8": { "start": { "line": 5, "column": 13 }, "end": { "line": 5, "column": 24 } },
      "9": { "start": { "line": 20, "column": 21 }, "end": { "line": 33, "column": 1 } },
      "10": { "start": { "line": 21, "column": 2 }, "end": { "line": 32, "column": 3 } },
      "11": { "start": { "line": 22, "column": 17 }, "end": { "line": 22, "column": 48 } },
      "12": { "start": { "line": 24, "column": 19 }, "end": { "line": 24, "column": 40 } },
      "13": { "start": { "line": 26, "column": 4 }, "end": { "line": 29, "column": 7 } },
      "14": { "start": { "line": 31, "column": 4 }, "end": { "line": 31, "column": 16 } },
      "15": { "start": { "line": 20, "column": 13 }, "end": { "line": 20, "column": 21 } },
      "16": { "start": { "line": 35, "column": 23 }, "end": { "line": 48, "column": 1 } },
      "17": { "start": { "line": 36, "column": 2 }, "end": { "line": 47, "column": 3 } },
      "18": { "start": { "line": 37, "column": 29 }, "end": { "line": 37, "column": 63 } },
      "19": { "start": { "line": 39, "column": 19 }, "end": { "line": 39, "column": 57 } },
      "20": { "start": { "line": 41, "column": 4 }, "end": { "line": 44, "column": 7 } },
      "21": { "start": { "line": 46, "column": 4 }, "end": { "line": 46, "column": 16 } },
      "22": { "start": { "line": 35, "column": 13 }, "end": { "line": 35, "column": 23 } },
      "23": { "start": { "line": 50, "column": 22 }, "end": { "line": 60, "column": 1 } },
      "24": { "start": { "line": 51, "column": 2 }, "end": { "line": 59, "column": 3 } },
      "25": { "start": { "line": 52, "column": 29 }, "end": { "line": 52, "column": 63 } },
      "26": { "start": { "line": 54, "column": 4 }, "end": { "line": 54, "column": 35 } },
      "27": { "start": { "line": 56, "column": 4 }, "end": { "line": 56, "column": 27 } },
      "28": { "start": { "line": 58, "column": 4 }, "end": { "line": 58, "column": 16 } },
      "29": { "start": { "line": 50, "column": 13 }, "end": { "line": 50, "column": 22 } }
    },
    "fnMap": {
      "0": {
        "name": "(anonymous_0)",
        "decl": { "start": { "line": 5, "column": 24 }, "end": { "line": 5, "column": 29 } },
        "loc": { "start": { "line": 5, "column": 97 }, "end": { "line": 18, "column": 1 } }
      },
      "1": {
        "name": "(anonymous_1)",
        "decl": { "start": { "line": 20, "column": 21 }, "end": { "line": 20, "column": 26 } },
        "loc": { "start": { "line": 20, "column": 94 }, "end": { "line": 33, "column": 1 } }
      },
      "2": {
        "name": "(anonymous_2)",
        "decl": { "start": { "line": 35, "column": 23 }, "end": { "line": 35, "column": 28 } },
        "loc": { "start": { "line": 35, "column": 96 }, "end": { "line": 48, "column": 1 } }
      },
      "3": {
        "name": "(anonymous_3)",
        "decl": { "start": { "line": 50, "column": 22 }, "end": { "line": 50, "column": 27 } },
        "loc": { "start": { "line": 50, "column": 95 }, "end": { "line": 60, "column": 1 } }
      }
    },
    "branchMap": {},
    "s": {
      "0": 1,
      "1": 1,
      "2": 1,
      "3": 3,
      "4": 3,
      "5": 2,
      "6": 1,
      "7": 2,
      "8": 1,
      "9": 1,
      "10": 3,
      "11": 3,
      "12": 2,
      "13": 1,
      "14": 2,
      "15": 1,
      "16": 1,
      "17": 3,
      "18": 3,
      "19": 2,
      "20": 1,
      "21": 2,
      "22": 1,
      "23": 1,
      "24": 3,
      "25": 3,
      "26": 2,
      "27": 1,
      "28": 2,
      "29": 1
    },
    "f": { "0": 3, "1": 3, "2": 3, "3": 3 },
    "b": {}
  },
  "C:\\Users\\MJ\\Desktop\\Projects\\Airtribe\\task-master\\src\\modules\\auth\\auth.schema.ts": {
    "path": "C:\\Users\\MJ\\Desktop\\Projects\\Airtribe\\task-master\\src\\modules\\auth\\auth.schema.ts",
    "statementMap": {
      "0": { "start": { "line": 1, "column": 0 }, "end": { "line": 1, "column": 24 } },
      "1": { "start": { "line": 3, "column": 13 }, "end": { "line": 7, "column": 3 } },
      "2": { "start": { "line": 9, "column": 13 }, "end": { "line": 12, "column": 3 } },
      "3": { "start": { "line": 14, "column": 13 }, "end": { "line": 16, "column": 3 } }
    },
    "fnMap": {},
    "branchMap": {},
    "s": { "0": 1, "1": 1, "2": 1, "3": 1 },
    "f": {},
    "b": {}
  },
  "C:\\Users\\MJ\\Desktop\\Projects\\Airtribe\\task-master\\src\\modules\\auth\\auth.service.ts": {
    "path": "C:\\Users\\MJ\\Desktop\\Projects\\Airtribe\\task-master\\src\\modules\\auth\\auth.service.ts",
    "statementMap": {
      "0": { "start": { "line": 1, "column": 0 }, "end": { "line": 1, "column": 41 } },
      "1": { "start": { "line": 2, "column": 0 }, "end": { "line": 2, "column": 68 } },
      "2": { "start": { "line": 3, "column": 0 }, "end": { "line": 3, "column": 96 } },
      "3": { "start": { "line": 4, "column": 0 }, "end": { "line": 4, "column": 46 } },
      "4": { "start": { "line": 5, "column": 0 }, "end": { "line": 5, "column": 48 } },
      "5": { "start": { "line": 13, "column": 28 }, "end": { "line": 40, "column": 1 } },
      "6": { "start": { "line": 14, "column": 23 }, "end": { "line": 18, "column": 4 } },
      "7": { "start": { "line": 20, "column": 2 }, "end": { "line": 22, "column": 3 } },
      "8": { "start": { "line": 21, "column": 4 }, "end": { "line": 21, "column": 67 } },
      "9": { "start": { "line": 24, "column": 23 }, "end": { "line": 24, "column": 51 } },
      "10": { "start": { "line": 26, "column": 15 }, "end": { "line": 32, "column": 4 } },
      "11": { "start": { "line": 34, "column": 2 }, "end": { "line": 39, "column": 4 } },
      "12": { "start": { "line": 13, "column": 13 }, "end": { "line": 13, "column": 28 } },
      "13": { "start": { "line": 47, "column": 25 }, "end": { "line": 93, "column": 1 } },
      "14": { "start": { "line": 48, "column": 15 }, "end": { "line": 52, "column": 4 } },
      "15": { "start": { "line": 54, "column": 2 }, "end": { "line": 56, "column": 3 } },
      "16": { "start": { "line": 55, "column": 4 }, "end": { "line": 55, "column": 57 } },
      "17": { "start": { "line": 58, "column": 26 }, "end": { "line": 58, "column": 75 } },
      "18": { "start": { "line": 60, "column": 2 }, "end": { "line": 62, "column": 3 } },
      "19": { "start": { "line": 61, "column": 4 }, "end": { "line": 61, "column": 57 } },
      "20": { "start": { "line": 64, "column": 2 }, "end": { "line": 66, "column": 3 } },
      "21": { "start": { "line": 65, "column": 4 }, "end": { "line": 65, "column": 56 } },
      "22": { "start": { "line": 68, "column": 22 }, "end": { "line": 68, "column": 50 } },
      "23": { "start": { "line": 70, "column": 23 }, "end": { "line": 70, "column": 52 } },
      "24": { "start": { "line": 72, "column": 27 }, "end": { "line": 72, "column": 50 } },
      "25": { "start": { "line": 74, "column": 32 }, "end": { "line": 74, "column": 78 } },
      "26": { "start": { "line": 76, "column": 2 }, "end": { "line": 82, "column": 5 } },
      "27": { "start": { "line": 84, "column": 2 }, "end": { "line": 92, "column": 4 } },
      "28": { "start": { "line": 47, "column": 13 }, "end": { "line": 47, "column": 25 } },
      "29": { "start": { "line": 95, "column": 34 }, "end": { "line": 155, "column": 1 } },
      "30": { "start": { "line": 98, "column": 2 }, "end": { "line": 102, "column": 3 } },
      "31": { "start": { "line": 99, "column": 4 }, "end": { "line": 99, "column": 47 } },
      "32": { "start": { "line": 101, "column": 4 }, "end": { "line": 101, "column": 64 } },
      "33": { "start": { "line": 104, "column": 2 }, "end": { "line": 106, "column": 3 } },
      "34": { "start": { "line": 105, "column": 4 }, "end": { "line": 105, "column": 53 } },
      "35": { "start": { "line": 108, "column": 17 }, "end": { "line": 108, "column": 41 } },
      "36": { "start": { "line": 110, "column": 20 }, "end": { "line": 110, "column": 43 } },
      "37": { "start": { "line": 112, "column": 22 }, "end": { "line": 118, "column": 4 } },
      "38": { "start": { "line": 120, "column": 2 }, "end": { "line": 122, "column": 3 } },
      "39": { "start": { "line": 121, "column": 4 }, "end": { "line": 121, "column": 64 } },
      "40": { "start": { "line": 124, "column": 2 }, "end": { "line": 126, "column": 3 } },
      "41": { "start": { "line": 125, "column": 4 }, "end": { "line": 125, "column": 53 } },
      "42": { "start": { "line": 128, "column": 2 }, "end": { "line": 135, "column": 5 } },
      "43": { "start": { "line": 137, "column": 25 }, "end": { "line": 137, "column": 52 } },
      "44": { "start": { "line": 139, "column": 26 }, "end": { "line": 139, "column": 54 } },
      "45": { "start": { "line": 141, "column": 30 }, "end": { "line": 141, "column": 56 } },
      "46": { "start": { "line": 143, "column": 2 }, "end": { "line": 149, "column": 5 } },
      "47": { "start": { "line": 151, "column": 2 }, "end": { "line": 154, "column": 4 } },
      "48": { "start": { "line": 95, "column": 13 }, "end": { "line": 95, "column": 34 } },
      "49": { "start": { "line": 157, "column": 26 }, "end": { "line": 169, "column": 1 } },
      "50": { "start": { "line": 158, "column": 20 }, "end": { "line": 158, "column": 43 } },
      "51": { "start": { "line": 160, "column": 2 }, "end": { "line": 168, "column": 5 } },
      "52": { "start": { "line": 157, "column": 13 }, "end": { "line": 157, "column": 26 } }
    },
    "fnMap": {
      "0": {
        "name": "(anonymous_1)",
        "decl": { "start": { "line": 13, "column": 28 }, "end": { "line": 13, "column": 33 } },
        "loc": { "start": { "line": 13, "column": 79 }, "end": { "line": 40, "column": 1 } }
      },
      "1": {
        "name": "(anonymous_2)",
        "decl": { "start": { "line": 47, "column": 25 }, "end": { "line": 47, "column": 30 } },
        "loc": { "start": { "line": 47, "column": 67 }, "end": { "line": 93, "column": 1 } }
      },
      "2": {
        "name": "(anonymous_3)",
        "decl": { "start": { "line": 95, "column": 34 }, "end": { "line": 95, "column": 39 } },
        "loc": { "start": { "line": 95, "column": 65 }, "end": { "line": 155, "column": 1 } }
      },
      "3": {
        "name": "(anonymous_4)",
        "decl": { "start": { "line": 157, "column": 26 }, "end": { "line": 157, "column": 31 } },
        "loc": { "start": { "line": 157, "column": 57 }, "end": { "line": 169, "column": 1 } }
      }
    },
    "branchMap": {
      "0": {
        "loc": { "start": { "line": 20, "column": 2 }, "end": { "line": 22, "column": 3 } },
        "type": "if",
        "locations": [
          { "start": { "line": 20, "column": 2 }, "end": { "line": 22, "column": 3 } },
          { "start": {}, "end": {} }
        ]
      },
      "1": {
        "loc": { "start": { "line": 54, "column": 2 }, "end": { "line": 56, "column": 3 } },
        "type": "if",
        "locations": [
          { "start": { "line": 54, "column": 2 }, "end": { "line": 56, "column": 3 } },
          { "start": {}, "end": {} }
        ]
      },
      "2": {
        "loc": { "start": { "line": 60, "column": 2 }, "end": { "line": 62, "column": 3 } },
        "type": "if",
        "locations": [
          { "start": { "line": 60, "column": 2 }, "end": { "line": 62, "column": 3 } },
          { "start": {}, "end": {} }
        ]
      },
      "3": {
        "loc": { "start": { "line": 64, "column": 2 }, "end": { "line": 66, "column": 3 } },
        "type": "if",
        "locations": [
          { "start": { "line": 64, "column": 2 }, "end": { "line": 66, "column": 3 } },
          { "start": {}, "end": {} }
        ]
      },
      "4": {
        "loc": { "start": { "line": 104, "column": 2 }, "end": { "line": 106, "column": 3 } },
        "type": "if",
        "locations": [
          { "start": { "line": 104, "column": 2 }, "end": { "line": 106, "column": 3 } },
          { "start": {}, "end": {} }
        ]
      },
      "5": {
        "loc": { "start": { "line": 104, "column": 6 }, "end": { "line": 104, "column": 79 } },
        "type": "binary-expr",
        "locations": [
          { "start": { "line": 104, "column": 6 }, "end": { "line": 104, "column": 33 } },
          { "start": { "line": 104, "column": 37 }, "end": { "line": 104, "column": 53 } },
          { "start": { "line": 104, "column": 57 }, "end": { "line": 104, "column": 79 } }
        ]
      },
      "6": {
        "loc": { "start": { "line": 120, "column": 2 }, "end": { "line": 122, "column": 3 } },
        "type": "if",
        "locations": [
          { "start": { "line": 120, "column": 2 }, "end": { "line": 122, "column": 3 } },
          { "start": {}, "end": {} }
        ]
      },
      "7": {
        "loc": { "start": { "line": 124, "column": 2 }, "end": { "line": 126, "column": 3 } },
        "type": "if",
        "locations": [
          { "start": { "line": 124, "column": 2 }, "end": { "line": 126, "column": 3 } },
          { "start": {}, "end": {} }
        ]
      }
    },
    "s": {
      "0": 1,
      "1": 1,
      "2": 1,
      "3": 1,
      "4": 1,
      "5": 1,
      "6": 2,
      "7": 2,
      "8": 1,
      "9": 1,
      "10": 1,
      "11": 1,
      "12": 1,
      "13": 1,
      "14": 4,
      "15": 4,
      "16": 1,
      "17": 3,
      "18": 3,
      "19": 1,
      "20": 2,
      "21": 1,
      "22": 1,
      "23": 1,
      "24": 1,
      "25": 1,
      "26": 1,
      "27": 1,
      "28": 1,
      "29": 1,
      "30": 4,
      "31": 4,
      "32": 1,
      "33": 3,
      "34": 0,
      "35": 3,
      "36": 3,
      "37": 3,
      "38": 3,
      "39": 1,
      "40": 2,
      "41": 1,
      "42": 1,
      "43": 1,
      "44": 1,
      "45": 1,
      "46": 1,
      "47": 1,
      "48": 1,
      "49": 1,
      "50": 1,
      "51": 1,
      "52": 1
    },
    "f": { "0": 2, "1": 4, "2": 4, "3": 1 },
    "b": {
      "0": [1, 1],
      "1": [1, 3],
      "2": [1, 2],
      "3": [1, 1],
      "4": [0, 3],
      "5": [3, 3, 3],
      "6": [1, 2],
      "7": [1, 1]
    }
  },
  "C:\\Users\\MJ\\Desktop\\Projects\\Airtribe\\task-master\\src\\modules\\projects\\invitation.controller.ts": {
    "path": "C:\\Users\\MJ\\Desktop\\Projects\\Airtribe\\task-master\\src\\modules\\projects\\invitation.controller.ts",
    "statementMap": {
      "0": { "start": { "line": 2, "column": 0 }, "end": { "line": 2, "column": 92 } },
      "1": { "start": { "line": 5, "column": 42 }, "end": { "line": 23, "column": 1 } },
      "2": { "start": { "line": 10, "column": 2 }, "end": { "line": 22, "column": 3 } },
      "3": { "start": { "line": 11, "column": 19 }, "end": { "line": 11, "column": 30 } },
      "4": { "start": { "line": 12, "column": 22 }, "end": { "line": 12, "column": 45 } },
      "5": { "start": { "line": 14, "column": 23 }, "end": { "line": 14, "column": 74 } },
      "6": { "start": { "line": 16, "column": 4 }, "end": { "line": 19, "column": 7 } },
      "7": { "start": { "line": 21, "column": 4 }, "end": { "line": 21, "column": 16 } },
      "8": { "start": { "line": 5, "column": 13 }, "end": { "line": 5, "column": 42 } },
      "9": { "start": { "line": 25, "column": 42 }, "end": { "line": 43, "column": 1 } },
      "10": { "start": { "line": 30, "column": 2 }, "end": { "line": 42, "column": 3 } },
      "11": { "start": { "line": 31, "column": 19 }, "end": { "line": 31, "column": 30 } },
      "12": { "start": { "line": 32, "column": 25 }, "end": { "line": 32, "column": 58 } },
      "13": { "start": { "line": 34, "column": 19 }, "end": { "line": 34, "column": 63 } },
      "14": { "start": { "line": 36, "column": 4 }, "end": { "line": 39, "column": 7 } },
      "15": { "start": { "line": 41, "column": 4 }, "end": { "line": 41, "column": 16 } },
      "16": { "start": { "line": 25, "column": 13 }, "end": { "line": 25, "column": 42 } },
      "17": { "start": { "line": 45, "column": 42 }, "end": { "line": 63, "column": 1 } },
      "18": { "start": { "line": 50, "column": 2 }, "end": { "line": 62, "column": 3 } },
      "19": { "start": { "line": 51, "column": 19 }, "end": { "line": 51, "column": 30 } },
      "20": { "start": { "line": 52, "column": 25 }, "end": { "line": 52, "column": 58 } },
      "21": { "start": { "line": 54, "column": 23 }, "end": { "line": 54, "column": 67 } },
      "22": { "start": { "line": 56, "column": 4 }, "end": { "line": 59, "column": 7 } },
      "23": { "start": { "line": 61, "column": 4 }, "end": { "line": 61, "column": 16 } },
      "24": { "start": { "line": 45, "column": 13 }, "end": { "line": 45, "column": 42 } }
    },
    "fnMap": {
      "0": {
        "name": "(anonymous_0)",
        "decl": { "start": { "line": 5, "column": 42 }, "end": { "line": 5, "column": 47 } },
        "loc": { "start": { "line": 9, "column": 4 }, "end": { "line": 23, "column": 1 } }
      },
      "1": {
        "name": "(anonymous_1)",
        "decl": { "start": { "line": 25, "column": 42 }, "end": { "line": 25, "column": 47 } },
        "loc": { "start": { "line": 29, "column": 4 }, "end": { "line": 43, "column": 1 } }
      },
      "2": {
        "name": "(anonymous_2)",
        "decl": { "start": { "line": 45, "column": 42 }, "end": { "line": 45, "column": 47 } },
        "loc": { "start": { "line": 49, "column": 4 }, "end": { "line": 63, "column": 1 } }
      }
    },
    "branchMap": {},
    "s": {
      "0": 1,
      "1": 1,
      "2": 2,
      "3": 2,
      "4": 2,
      "5": 2,
      "6": 1,
      "7": 1,
      "8": 1,
      "9": 1,
      "10": 2,
      "11": 2,
      "12": 2,
      "13": 2,
      "14": 1,
      "15": 1,
      "16": 1,
      "17": 1,
      "18": 2,
      "19": 2,
      "20": 2,
      "21": 2,
      "22": 1,
      "23": 1,
      "24": 1
    },
    "f": { "0": 2, "1": 2, "2": 2 },
    "b": {}
  },
  "C:\\Users\\MJ\\Desktop\\Projects\\Airtribe\\task-master\\src\\modules\\projects\\invitation.schema.ts": {
    "path": "C:\\Users\\MJ\\Desktop\\Projects\\Airtribe\\task-master\\src\\modules\\projects\\invitation.schema.ts",
    "statementMap": {
      "0": { "start": { "line": 1, "column": 0 }, "end": { "line": 1, "column": 24 } },
      "1": { "start": { "line": 3, "column": 13 }, "end": { "line": 5, "column": 3 } }
    },
    "fnMap": {},
    "branchMap": {},
    "s": { "0": 1, "1": 1 },
    "f": {},
    "b": {}
  },
  "C:\\Users\\MJ\\Desktop\\Projects\\Airtribe\\task-master\\src\\modules\\projects\\invitation.service.ts": {
    "path": "C:\\Users\\MJ\\Desktop\\Projects\\Airtribe\\task-master\\src\\modules\\projects\\invitation.service.ts",
    "statementMap": {
      "0": { "start": { "line": 1, "column": 0 }, "end": { "line": 1, "column": 41 } },
      "1": { "start": { "line": 2, "column": 0 }, "end": { "line": 2, "column": 61 } },
      "2": { "start": { "line": 3, "column": 0 }, "end": { "line": 3, "column": 48 } },
      "3": { "start": { "line": 5, "column": 32 }, "end": { "line": 78, "column": 1 } },
      "4": { "start": { "line": 6, "column": 28 }, "end": { "line": 6, "column": 63 } },
      "5": { "start": { "line": 9, "column": 18 }, "end": { "line": 13, "column": 4 } },
      "6": { "start": { "line": 15, "column": 2 }, "end": { "line": 17, "column": 3 } },
      "7": { "start": { "line": 16, "column": 4 }, "end": { "line": 16, "column": 49 } },
      "8": { "start": { "line": 20, "column": 2 }, "end": { "line": 22, "column": 3 } },
      "9": { "start": { "line": 21, "column": 4 }, "end": { "line": 21, "column": 71 } },
      "10": { "start": { "line": 25, "column": 22 }, "end": { "line": 29, "column": 4 } },
      "11": { "start": { "line": 31, "column": 2 }, "end": { "line": 33, "column": 3 } },
      "12": { "start": { "line": 32, "column": 4 }, "end": { "line": 32, "column": 56 } },
      "13": { "start": { "line": 36, "column": 2 }, "end": { "line": 38, "column": 3 } },
      "14": { "start": { "line": 37, "column": 4 }, "end": { "line": 37, "column": 58 } },
      "15": { "start": { "line": 41, "column": 25 }, "end": { "line": 48, "column": 4 } },
      "16": { "start": { "line": 50, "column": 2 }, "end": { "line": 52, "column": 3 } },
      "17": { "start": { "line": 51, "column": 4 }, "end": { "line": 51, "column": 64 } },
      "18": { "start": { "line": 55, "column": 29 }, "end": { "line": 62, "column": 4 } },
      "19": { "start": { "line": 64, "column": 2 }, "end": { "line": 66, "column": 3 } },
      "20": { "start": { "line": 65, "column": 4 }, "end": { "line": 65, "column": 57 } },
      "21": { "start": { "line": 69, "column": 21 }, "end": { "line": 75, "column": 4 } },
      "22": { "start": { "line": 77, "column": 2 }, "end": { "line": 77, "column": 20 } },
      "23": { "start": { "line": 5, "column": 13 }, "end": { "line": 5, "column": 32 } },
      "24": { "start": { "line": 80, "column": 32 }, "end": { "line": 129, "column": 1 } },
      "25": { "start": { "line": 81, "column": 21 }, "end": { "line": 85, "column": 4 } },
      "26": { "start": { "line": 88, "column": 2 }, "end": { "line": 90, "column": 3 } },
      "27": { "start": { "line": 89, "column": 4 }, "end": { "line": 89, "column": 52 } },
      "28": { "start": { "line": 93, "column": 2 }, "end": { "line": 95, "column": 3 } },
      "29": { "start": { "line": 94, "column": 4 }, "end": { "line": 94, "column": 77 } },
      "30": { "start": { "line": 98, "column": 2 }, "end": { "line": 100, "column": 3 } },
      "31": { "start": { "line": 99, "column": 4 }, "end": { "line": 99, "column": 63 } },
      "32": { "start": { "line": 103, "column": 17 }, "end": { "line": 126, "column": 4 } },
      "33": { "start": { "line": 104, "column": 19 }, "end": { "line": 110, "column": 6 } },
      "34": { "start": { "line": 113, "column": 30 }, "end": { "line": 120, "column": 6 } },
      "35": { "start": { "line": 122, "column": 4 }, "end": { "line": 125, "column": 6 } },
      "36": { "start": { "line": 128, "column": 2 }, "end": { "line": 128, "column": 16 } },
      "37": { "start": { "line": 80, "column": 13 }, "end": { "line": 80, "column": 32 } },
      "38": { "start": { "line": 131, "column": 32 }, "end": { "line": 163, "column": 1 } },
      "39": { "start": { "line": 132, "column": 21 }, "end": { "line": 136, "column": 4 } },
      "40": { "start": { "line": 139, "column": 2 }, "end": { "line": 141, "column": 3 } },
      "41": { "start": { "line": 140, "column": 4 }, "end": { "line": 140, "column": 52 } },
      "42": { "start": { "line": 144, "column": 2 }, "end": { "line": 146, "column": 3 } },
      "43": { "start": { "line": 145, "column": 4 }, "end": { "line": 145, "column": 77 } },
      "44": { "start": { "line": 149, "column": 2 }, "end": { "line": 151, "column": 3 } },
      "45": { "start": { "line": 150, "column": 4 }, "end": { "line": 150, "column": 63 } },
      "46": { "start": { "line": 153, "column": 28 }, "end": { "line": 160, "column": 4 } },
      "47": { "start": { "line": 162, "column": 2 }, "end": { "line": 162, "column": 27 } },
      "48": { "start": { "line": 131, "column": 13 }, "end": { "line": 131, "column": 32 } }
    },
    "fnMap": {
      "0": {
        "name": "(anonymous_1)",
        "decl": { "start": { "line": 5, "column": 32 }, "end": { "line": 5, "column": 37 } },
        "loc": { "start": { "line": 5, "column": 97 }, "end": { "line": 78, "column": 1 } }
      },
      "1": {
        "name": "(anonymous_2)",
        "decl": { "start": { "line": 80, "column": 32 }, "end": { "line": 80, "column": 37 } },
        "loc": { "start": { "line": 80, "column": 79 }, "end": { "line": 129, "column": 1 } }
      },
      "2": {
        "name": "(anonymous_3)",
        "decl": { "start": { "line": 103, "column": 43 }, "end": { "line": 103, "column": 48 } },
        "loc": { "start": { "line": 103, "column": 56 }, "end": { "line": 126, "column": 3 } }
      },
      "3": {
        "name": "(anonymous_4)",
        "decl": { "start": { "line": 131, "column": 32 }, "end": { "line": 131, "column": 37 } },
        "loc": { "start": { "line": 131, "column": 79 }, "end": { "line": 163, "column": 1 } }
      }
    },
    "branchMap": {
      "0": {
        "loc": { "start": { "line": 15, "column": 2 }, "end": { "line": 17, "column": 3 } },
        "type": "if",
        "locations": [
          { "start": { "line": 15, "column": 2 }, "end": { "line": 17, "column": 3 } },
          { "start": {}, "end": {} }
        ]
      },
      "1": {
        "loc": { "start": { "line": 20, "column": 2 }, "end": { "line": 22, "column": 3 } },
        "type": "if",
        "locations": [
          { "start": { "line": 20, "column": 2 }, "end": { "line": 22, "column": 3 } },
          { "start": {}, "end": {} }
        ]
      },
      "2": {
        "loc": { "start": { "line": 31, "column": 2 }, "end": { "line": 33, "column": 3 } },
        "type": "if",
        "locations": [
          { "start": { "line": 31, "column": 2 }, "end": { "line": 33, "column": 3 } },
          { "start": {}, "end": {} }
        ]
      },
      "3": {
        "loc": { "start": { "line": 36, "column": 2 }, "end": { "line": 38, "column": 3 } },
        "type": "if",
        "locations": [
          { "start": { "line": 36, "column": 2 }, "end": { "line": 38, "column": 3 } },
          { "start": {}, "end": {} }
        ]
      },
      "4": {
        "loc": { "start": { "line": 50, "column": 2 }, "end": { "line": 52, "column": 3 } },
        "type": "if",
        "locations": [
          { "start": { "line": 50, "column": 2 }, "end": { "line": 52, "column": 3 } },
          { "start": {}, "end": {} }
        ]
      },
      "5": {
        "loc": { "start": { "line": 64, "column": 2 }, "end": { "line": 66, "column": 3 } },
        "type": "if",
        "locations": [
          { "start": { "line": 64, "column": 2 }, "end": { "line": 66, "column": 3 } },
          { "start": {}, "end": {} }
        ]
      },
      "6": {
        "loc": { "start": { "line": 88, "column": 2 }, "end": { "line": 90, "column": 3 } },
        "type": "if",
        "locations": [
          { "start": { "line": 88, "column": 2 }, "end": { "line": 90, "column": 3 } },
          { "start": {}, "end": {} }
        ]
      },
      "7": {
        "loc": { "start": { "line": 93, "column": 2 }, "end": { "line": 95, "column": 3 } },
        "type": "if",
        "locations": [
          { "start": { "line": 93, "column": 2 }, "end": { "line": 95, "column": 3 } },
          { "start": {}, "end": {} }
        ]
      },
      "8": {
        "loc": { "start": { "line": 98, "column": 2 }, "end": { "line": 100, "column": 3 } },
        "type": "if",
        "locations": [
          { "start": { "line": 98, "column": 2 }, "end": { "line": 100, "column": 3 } },
          { "start": {}, "end": {} }
        ]
      },
      "9": {
        "loc": { "start": { "line": 139, "column": 2 }, "end": { "line": 141, "column": 3 } },
        "type": "if",
        "locations": [
          { "start": { "line": 139, "column": 2 }, "end": { "line": 141, "column": 3 } },
          { "start": {}, "end": {} }
        ]
      },
      "10": {
        "loc": { "start": { "line": 144, "column": 2 }, "end": { "line": 146, "column": 3 } },
        "type": "if",
        "locations": [
          { "start": { "line": 144, "column": 2 }, "end": { "line": 146, "column": 3 } },
          { "start": {}, "end": {} }
        ]
      },
      "11": {
        "loc": { "start": { "line": 149, "column": 2 }, "end": { "line": 151, "column": 3 } },
        "type": "if",
        "locations": [
          { "start": { "line": 149, "column": 2 }, "end": { "line": 151, "column": 3 } },
          { "start": {}, "end": {} }
        ]
      }
    },
    "s": {
      "0": 1,
      "1": 1,
      "2": 1,
      "3": 1,
      "4": 7,
      "5": 7,
      "6": 7,
      "7": 1,
      "8": 6,
      "9": 1,
      "10": 5,
      "11": 5,
      "12": 1,
      "13": 4,
      "14": 1,
      "15": 3,
      "16": 3,
      "17": 1,
      "18": 2,
      "19": 2,
      "20": 1,
      "21": 1,
      "22": 1,
      "23": 1,
      "24": 1,
      "25": 4,
      "26": 4,
      "27": 1,
      "28": 3,
      "29": 1,
      "30": 2,
      "31": 1,
      "32": 1,
      "33": 1,
      "34": 1,
      "35": 1,
      "36": 1,
      "37": 1,
      "38": 1,
      "39": 4,
      "40": 4,
      "41": 1,
      "42": 3,
      "43": 1,
      "44": 2,
      "45": 1,
      "46": 1,
      "47": 1,
      "48": 1
    },
    "f": { "0": 7, "1": 4, "2": 1, "3": 4 },
    "b": {
      "0": [1, 6],
      "1": [1, 5],
      "2": [1, 4],
      "3": [1, 3],
      "4": [1, 2],
      "5": [1, 1],
      "6": [1, 3],
      "7": [1, 2],
      "8": [1, 1],
      "9": [1, 3],
      "10": [1, 2],
      "11": [1, 1]
    }
  },
  "C:\\Users\\MJ\\Desktop\\Projects\\Airtribe\\task-master\\src\\modules\\projects\\project.controller.ts": {
    "path": "C:\\Users\\MJ\\Desktop\\Projects\\Airtribe\\task-master\\src\\modules\\projects\\project.controller.ts",
    "statementMap": {
      "0": { "start": { "line": 3, "column": 0 }, "end": { "line": 3, "column": null } },
      "1": { "start": { "line": 13, "column": 39 }, "end": { "line": 28, "column": 1 } },
      "2": { "start": { "line": 18, "column": 2 }, "end": { "line": 27, "column": 3 } },
      "3": { "start": { "line": 19, "column": 20 }, "end": { "line": 19, "column": 62 } },
      "4": { "start": { "line": 21, "column": 4 }, "end": { "line": 24, "column": 7 } },
      "5": { "start": { "line": 26, "column": 4 }, "end": { "line": 26, "column": 16 } },
      "6": { "start": { "line": 13, "column": 13 }, "end": { "line": 13, "column": 39 } },
      "7": { "start": { "line": 30, "column": 39 }, "end": { "line": 48, "column": 1 } },
      "8": { "start": { "line": 35, "column": 2 }, "end": { "line": 47, "column": 3 } },
      "9": { "start": { "line": 36, "column": 19 }, "end": { "line": 36, "column": 30 } },
      "10": { "start": { "line": 37, "column": 22 }, "end": { "line": 37, "column": 45 } },
      "11": { "start": { "line": 39, "column": 20 }, "end": { "line": 39, "column": 68 } },
      "12": { "start": { "line": 41, "column": 4 }, "end": { "line": 44, "column": 7 } },
      "13": { "start": { "line": 46, "column": 4 }, "end": { "line": 46, "column": 16 } },
      "14": { "start": { "line": 30, "column": 13 }, "end": { "line": 30, "column": 39 } },
      "15": { "start": { "line": 50, "column": 40 }, "end": { "line": 68, "column": 1 } },
      "16": { "start": { "line": 55, "column": 2 }, "end": { "line": 67, "column": 3 } },
      "17": { "start": { "line": 56, "column": 19 }, "end": { "line": 56, "column": 30 } },
      "18": { "start": { "line": 57, "column": 22 }, "end": { "line": 57, "column": 45 } },
      "19": { "start": { "line": 59, "column": 20 }, "end": { "line": 59, "column": 59 } },
      "20": { "start": { "line": 61, "column": 4 }, "end": { "line": 64, "column": 7 } },
      "21": { "start": { "line": 66, "column": 4 }, "end": { "line": 66, "column": 16 } },
      "22": { "start": { "line": 50, "column": 13 }, "end": { "line": 50, "column": 40 } },
      "23": { "start": { "line": 70, "column": 37 }, "end": { "line": 87, "column": 1 } },
      "24": { "start": { "line": 75, "column": 2 }, "end": { "line": 86, "column": 3 } },
      "25": { "start": { "line": 76, "column": 19 }, "end": { "line": 76, "column": 30 } },
      "26": { "start": { "line": 78, "column": 21 }, "end": { "line": 78, "column": 46 } },
      "27": { "start": { "line": 80, "column": 4 }, "end": { "line": 83, "column": 7 } },
      "28": { "start": { "line": 85, "column": 4 }, "end": { "line": 85, "column": 16 } },
      "29": { "start": { "line": 70, "column": 13 }, "end": { "line": 70, "column": 37 } },
      "30": { "start": { "line": 89, "column": 39 }, "end": { "line": 104, "column": 1 } },
      "31": { "start": { "line": 94, "column": 2 }, "end": { "line": 103, "column": 3 } },
      "32": { "start": { "line": 95, "column": 19 }, "end": { "line": 95, "column": 30 } },
      "33": { "start": { "line": 96, "column": 22 }, "end": { "line": 96, "column": 45 } },
      "34": { "start": { "line": 98, "column": 4 }, "end": { "line": 98, "column": 43 } },
      "35": { "start": { "line": 100, "column": 4 }, "end": { "line": 100, "column": 27 } },
      "36": { "start": { "line": 102, "column": 4 }, "end": { "line": 102, "column": 16 } },
      "37": { "start": { "line": 89, "column": 13 }, "end": { "line": 89, "column": 39 } },
      "38": { "start": { "line": 106, "column": 43 }, "end": { "line": 124, "column": 1 } },
      "39": { "start": { "line": 111, "column": 2 }, "end": { "line": 123, "column": 3 } },
      "40": { "start": { "line": 112, "column": 19 }, "end": { "line": 112, "column": 30 } },
      "41": { "start": { "line": 113, "column": 22 }, "end": { "line": 113, "column": 45 } },
      "42": { "start": { "line": 115, "column": 20 }, "end": { "line": 115, "column": 62 } },
      "43": { "start": { "line": 117, "column": 4 }, "end": { "line": 120, "column": 7 } },
      "44": { "start": { "line": 122, "column": 4 }, "end": { "line": 122, "column": 16 } },
      "45": { "start": { "line": 106, "column": 13 }, "end": { "line": 106, "column": 43 } },
      "46": { "start": { "line": 126, "column": 45 }, "end": { "line": 142, "column": 1 } },
      "47": { "start": { "line": 131, "column": 2 }, "end": { "line": 141, "column": 3 } },
      "48": { "start": { "line": 132, "column": 19 }, "end": { "line": 132, "column": 30 } },
      "49": { "start": { "line": 133, "column": 22 }, "end": { "line": 133, "column": 45 } },
      "50": { "start": { "line": 134, "column": 25 }, "end": { "line": 134, "column": 52 } },
      "51": { "start": { "line": 136, "column": 4 }, "end": { "line": 136, "column": 55 } },
      "52": { "start": { "line": 138, "column": 4 }, "end": { "line": 138, "column": 27 } },
      "53": { "start": { "line": 140, "column": 4 }, "end": { "line": 140, "column": 16 } },
      "54": { "start": { "line": 126, "column": 13 }, "end": { "line": 126, "column": 45 } }
    },
    "fnMap": {
      "0": {
        "name": "(anonymous_0)",
        "decl": { "start": { "line": 13, "column": 39 }, "end": { "line": 13, "column": 44 } },
        "loc": { "start": { "line": 17, "column": 4 }, "end": { "line": 28, "column": 1 } }
      },
      "1": {
        "name": "(anonymous_1)",
        "decl": { "start": { "line": 30, "column": 39 }, "end": { "line": 30, "column": 44 } },
        "loc": { "start": { "line": 34, "column": 4 }, "end": { "line": 48, "column": 1 } }
      },
      "2": {
        "name": "(anonymous_2)",
        "decl": { "start": { "line": 50, "column": 40 }, "end": { "line": 50, "column": 45 } },
        "loc": { "start": { "line": 54, "column": 4 }, "end": { "line": 68, "column": 1 } }
      },
      "3": {
        "name": "(anonymous_3)",
        "decl": { "start": { "line": 70, "column": 37 }, "end": { "line": 70, "column": 42 } },
        "loc": { "start": { "line": 74, "column": 4 }, "end": { "line": 87, "column": 1 } }
      },
      "4": {
        "name": "(anonymous_4)",
        "decl": { "start": { "line": 89, "column": 39 }, "end": { "line": 89, "column": 44 } },
        "loc": { "start": { "line": 93, "column": 4 }, "end": { "line": 104, "column": 1 } }
      },
      "5": {
        "name": "(anonymous_5)",
        "decl": { "start": { "line": 106, "column": 43 }, "end": { "line": 106, "column": 48 } },
        "loc": { "start": { "line": 110, "column": 4 }, "end": { "line": 124, "column": 1 } }
      },
      "6": {
        "name": "(anonymous_6)",
        "decl": { "start": { "line": 126, "column": 45 }, "end": { "line": 126, "column": 50 } },
        "loc": { "start": { "line": 130, "column": 4 }, "end": { "line": 142, "column": 1 } }
      }
    },
    "branchMap": {},
    "s": {
      "0": 1,
      "1": 1,
      "2": 2,
      "3": 2,
      "4": 1,
      "5": 1,
      "6": 1,
      "7": 1,
      "8": 2,
      "9": 2,
      "10": 2,
      "11": 2,
      "12": 1,
      "13": 1,
      "14": 1,
      "15": 1,
      "16": 2,
      "17": 2,
      "18": 2,
      "19": 2,
      "20": 1,
      "21": 1,
      "22": 1,
      "23": 1,
      "24": 2,
      "25": 2,
      "26": 2,
      "27": 1,
      "28": 1,
      "29": 1,
      "30": 1,
      "31": 2,
      "32": 2,
      "33": 2,
      "34": 2,
      "35": 1,
      "36": 1,
      "37": 1,
      "38": 1,
      "39": 2,
      "40": 2,
      "41": 2,
      "42": 2,
      "43": 1,
      "44": 1,
      "45": 1,
      "46": 1,
      "47": 2,
      "48": 2,
      "49": 2,
      "50": 2,
      "51": 2,
      "52": 1,
      "53": 1,
      "54": 1
    },
    "f": { "0": 2, "1": 2, "2": 2, "3": 2, "4": 2, "5": 2, "6": 2 },
    "b": {}
  },
  "C:\\Users\\MJ\\Desktop\\Projects\\Airtribe\\task-master\\src\\modules\\projects\\project.schema.ts": {
    "path": "C:\\Users\\MJ\\Desktop\\Projects\\Airtribe\\task-master\\src\\modules\\projects\\project.schema.ts",
    "statementMap": {
      "0": { "start": { "line": 1, "column": 0 }, "end": { "line": 1, "column": 24 } },
      "1": { "start": { "line": 3, "column": 13 }, "end": { "line": 15, "column": 3 } },
      "2": { "start": { "line": 17, "column": 13 }, "end": { "line": 31, "column": 3 } }
    },
    "fnMap": {},
    "branchMap": {},
    "s": { "0": 1, "1": 1, "2": 1 },
    "f": {},
    "b": {}
  },
  "C:\\Users\\MJ\\Desktop\\Projects\\Airtribe\\task-master\\src\\modules\\projects\\project.service.ts": {
    "path": "C:\\Users\\MJ\\Desktop\\Projects\\Airtribe\\task-master\\src\\modules\\projects\\project.service.ts",
    "statementMap": {
      "0": { "start": { "line": 1, "column": 0 }, "end": { "line": 1, "column": 41 } },
      "1": { "start": { "line": 2, "column": 0 }, "end": { "line": 2, "column": 76 } },
      "2": { "start": { "line": 3, "column": 0 }, "end": { "line": 3, "column": 48 } },
      "3": { "start": { "line": 5, "column": 29 }, "end": { "line": 29, "column": 1 } },
      "4": { "start": { "line": 6, "column": 15 }, "end": { "line": 6, "column": 47 } },
      "5": { "start": { "line": 8, "column": 18 }, "end": { "line": 26, "column": 4 } },
      "6": { "start": { "line": 9, "column": 20 }, "end": { "line": 15, "column": 6 } },
      "7": { "start": { "line": 17, "column": 4 }, "end": { "line": 23, "column": 7 } },
      "8": { "start": { "line": 25, "column": 4 }, "end": { "line": 25, "column": 19 } },
      "9": { "start": { "line": 28, "column": 2 }, "end": { "line": 28, "column": 17 } },
      "10": { "start": { "line": 5, "column": 13 }, "end": { "line": 5, "column": 29 } },
      "11": { "start": { "line": 31, "column": 29 }, "end": { "line": 56, "column": 1 } },
      "12": { "start": { "line": 32, "column": 15 }, "end": { "line": 32, "column": 47 } },
      "13": { "start": { "line": 34, "column": 18 }, "end": { "line": 38, "column": 4 } },
      "14": { "start": { "line": 40, "column": 2 }, "end": { "line": 42, "column": 3 } },
      "15": { "start": { "line": 41, "column": 4 }, "end": { "line": 41, "column": 49 } },
      "16": { "start": { "line": 44, "column": 2 }, "end": { "line": 46, "column": 3 } },
      "17": { "start": { "line": 45, "column": 4 }, "end": { "line": 45, "column": 77 } },
      "18": { "start": { "line": 48, "column": 25 }, "end": { "line": 53, "column": 4 } },
      "19": { "start": { "line": 55, "column": 2 }, "end": { "line": 55, "column": 24 } },
      "20": { "start": { "line": 31, "column": 13 }, "end": { "line": 31, "column": 29 } },
      "21": { "start": { "line": 58, "column": 30 }, "end": { "line": 79, "column": 1 } },
      "22": { "start": { "line": 59, "column": 18 }, "end": { "line": 66, "column": 4 } },
      "23": { "start": { "line": 68, "column": 2 }, "end": { "line": 70, "column": 3 } },
      "24": { "start": { "line": 69, "column": 4 }, "end": { "line": 69, "column": 49 } },
      "25": { "start": { "line": 72, "column": 19 }, "end": { "line": 72, "column": 77 } },
      "26": { "start": { "line": 72, "column": 52 }, "end": { "line": 72, "column": 76 } },
      "27": { "start": { "line": 74, "column": 2 }, "end": { "line": 76, "column": 3 } },
      "28": { "start": { "line": 75, "column": 4 }, "end": { "line": 75, "column": 75 } },
      "29": { "start": { "line": 78, "column": 2 }, "end": { "line": 78, "column": 17 } },
      "30": { "start": { "line": 58, "column": 13 }, "end": { "line": 58, "column": 30 } },
      "31": { "start": { "line": 81, "column": 27 }, "end": { "line": 103, "column": 1 } },
      "32": { "start": { "line": 82, "column": 19 }, "end": { "line": 100, "column": 4 } },
      "33": { "start": { "line": 102, "column": 2 }, "end": { "line": 102, "column": 18 } },
      "34": { "start": { "line": 81, "column": 13 }, "end": { "line": 81, "column": 27 } },
      "35": { "start": { "line": 105, "column": 29 }, "end": { "line": 125, "column": 1 } },
      "36": { "start": { "line": 106, "column": 18 }, "end": { "line": 110, "column": 4 } },
      "37": { "start": { "line": 112, "column": 2 }, "end": { "line": 114, "column": 3 } },
      "38": { "start": { "line": 113, "column": 4 }, "end": { "line": 113, "column": 49 } },
      "39": { "start": { "line": 116, "column": 2 }, "end": { "line": 118, "column": 3 } },
      "40": { "start": { "line": 117, "column": 4 }, "end": { "line": 117, "column": 77 } },
      "41": { "start": { "line": 120, "column": 2 }, "end": { "line": 124, "column": 5 } },
      "42": { "start": { "line": 105, "column": 13 }, "end": { "line": 105, "column": 29 } },
      "43": { "start": { "line": 127, "column": 33 }, "end": { "line": 171, "column": 1 } },
      "44": { "start": { "line": 128, "column": 18 }, "end": { "line": 132, "column": 4 } },
      "45": { "start": { "line": 134, "column": 2 }, "end": { "line": 136, "column": 3 } },
      "46": { "start": { "line": 135, "column": 4 }, "end": { "line": 135, "column": 49 } },
      "47": { "start": { "line": 138, "column": 21 }, "end": { "line": 145, "column": 4 } },
      "48": { "start": { "line": 147, "column": 2 }, "end": { "line": 149, "column": 3 } },
      "49": { "start": { "line": 148, "column": 4 }, "end": { "line": 148, "column": 68 } },
      "50": { "start": { "line": 151, "column": 18 }, "end": { "line": 168, "column": 4 } },
      "51": { "start": { "line": 170, "column": 2 }, "end": { "line": 170, "column": 17 } },
      "52": { "start": { "line": 127, "column": 13 }, "end": { "line": 127, "column": 33 } },
      "53": { "start": { "line": 173, "column": 35 }, "end": { "line": 199, "column": 1 } },
      "54": { "start": { "line": 174, "column": 17 }, "end": { "line": 181, "column": 4 } },
      "55": { "start": { "line": 183, "column": 2 }, "end": { "line": 185, "column": 3 } },
      "56": { "start": { "line": 184, "column": 4 }, "end": { "line": 184, "column": 56 } },
      "57": { "start": { "line": 187, "column": 2 }, "end": { "line": 189, "column": 3 } },
      "58": { "start": { "line": 188, "column": 4 }, "end": { "line": 188, "column": 63 } },
      "59": { "start": { "line": 191, "column": 2 }, "end": { "line": 198, "column": 5 } },
      "60": { "start": { "line": 173, "column": 13 }, "end": { "line": 173, "column": 35 } }
    },
    "fnMap": {
      "0": {
        "name": "(anonymous_1)",
        "decl": { "start": { "line": 5, "column": 29 }, "end": { "line": 5, "column": 34 } },
        "loc": { "start": { "line": 5, "column": 70 }, "end": { "line": 29, "column": 1 } }
      },
      "1": {
        "name": "(anonymous_2)",
        "decl": { "start": { "line": 8, "column": 44 }, "end": { "line": 8, "column": 49 } },
        "loc": { "start": { "line": 8, "column": 57 }, "end": { "line": 26, "column": 3 } }
      },
      "2": {
        "name": "(anonymous_3)",
        "decl": { "start": { "line": 31, "column": 29 }, "end": { "line": 31, "column": 34 } },
        "loc": { "start": { "line": 31, "column": 89 }, "end": { "line": 56, "column": 1 } }
      },
      "3": {
        "name": "(anonymous_4)",
        "decl": { "start": { "line": 58, "column": 30 }, "end": { "line": 58, "column": 35 } },
        "loc": { "start": { "line": 58, "column": 74 }, "end": { "line": 79, "column": 1 } }
      },
      "4": {
        "name": "(anonymous_5)",
        "decl": { "start": { "line": 72, "column": 40 }, "end": { "line": 72, "column": 41 } },
        "loc": { "start": { "line": 72, "column": 52 }, "end": { "line": 72, "column": 76 } }
      },
      "5": {
        "name": "(anonymous_6)",
        "decl": { "start": { "line": 81, "column": 27 }, "end": { "line": 81, "column": 32 } },
        "loc": { "start": { "line": 81, "column": 52 }, "end": { "line": 103, "column": 1 } }
      },
      "6": {
        "name": "(anonymous_7)",
        "decl": { "start": { "line": 105, "column": 29 }, "end": { "line": 105, "column": 34 } },
        "loc": { "start": { "line": 105, "column": 73 }, "end": { "line": 125, "column": 1 } }
      },
      "7": {
        "name": "(anonymous_8)",
        "decl": { "start": { "line": 127, "column": 33 }, "end": { "line": 127, "column": 38 } },
        "loc": { "start": { "line": 127, "column": 77 }, "end": { "line": 171, "column": 1 } }
      },
      "8": {
        "name": "(anonymous_9)",
        "decl": { "start": { "line": 173, "column": 35 }, "end": { "line": 173, "column": 40 } },
        "loc": { "start": { "line": 173, "column": 79 }, "end": { "line": 199, "column": 1 } }
      }
    },
    "branchMap": {
      "0": {
        "loc": { "start": { "line": 40, "column": 2 }, "end": { "line": 42, "column": 3 } },
        "type": "if",
        "locations": [
          { "start": { "line": 40, "column": 2 }, "end": { "line": 42, "column": 3 } },
          { "start": {}, "end": {} }
        ]
      },
      "1": {
        "loc": { "start": { "line": 44, "column": 2 }, "end": { "line": 46, "column": 3 } },
        "type": "if",
        "locations": [
          { "start": { "line": 44, "column": 2 }, "end": { "line": 46, "column": 3 } },
          { "start": {}, "end": {} }
        ]
      },
      "2": {
        "loc": { "start": { "line": 68, "column": 2 }, "end": { "line": 70, "column": 3 } },
        "type": "if",
        "locations": [
          { "start": { "line": 68, "column": 2 }, "end": { "line": 70, "column": 3 } },
          { "start": {}, "end": {} }
        ]
      },
      "3": {
        "loc": { "start": { "line": 74, "column": 2 }, "end": { "line": 76, "column": 3 } },
        "type": "if",
        "locations": [
          { "start": { "line": 74, "column": 2 }, "end": { "line": 76, "column": 3 } },
          { "start": {}, "end": {} }
        ]
      },
      "4": {
        "loc": { "start": { "line": 74, "column": 6 }, "end": { "line": 74, "column": 45 } },
        "type": "binary-expr",
        "locations": [
          { "start": { "line": 74, "column": 6 }, "end": { "line": 74, "column": 15 } },
          { "start": { "line": 74, "column": 19 }, "end": { "line": 74, "column": 45 } }
        ]
      },
      "5": {
        "loc": { "start": { "line": 112, "column": 2 }, "end": { "line": 114, "column": 3 } },
        "type": "if",
        "locations": [
          { "start": { "line": 112, "column": 2 }, "end": { "line": 114, "column": 3 } },
          { "start": {}, "end": {} }
        ]
      },
      "6": {
        "loc": { "start": { "line": 116, "column": 2 }, "end": { "line": 118, "column": 3 } },
        "type": "if",
        "locations": [
          { "start": { "line": 116, "column": 2 }, "end": { "line": 118, "column": 3 } },
          { "start": {}, "end": {} }
        ]
      },
      "7": {
        "loc": { "start": { "line": 134, "column": 2 }, "end": { "line": 136, "column": 3 } },
        "type": "if",
        "locations": [
          { "start": { "line": 134, "column": 2 }, "end": { "line": 136, "column": 3 } },
          { "start": {}, "end": {} }
        ]
      },
      "8": {
        "loc": { "start": { "line": 147, "column": 2 }, "end": { "line": 149, "column": 3 } },
        "type": "if",
        "locations": [
          { "start": { "line": 147, "column": 2 }, "end": { "line": 149, "column": 3 } },
          { "start": {}, "end": {} }
        ]
      },
      "9": {
        "loc": { "start": { "line": 183, "column": 2 }, "end": { "line": 185, "column": 3 } },
        "type": "if",
        "locations": [
          { "start": { "line": 183, "column": 2 }, "end": { "line": 185, "column": 3 } },
          { "start": {}, "end": {} }
        ]
      },
      "10": {
        "loc": { "start": { "line": 187, "column": 2 }, "end": { "line": 189, "column": 3 } },
        "type": "if",
        "locations": [
          { "start": { "line": 187, "column": 2 }, "end": { "line": 189, "column": 3 } },
          { "start": {}, "end": {} }
        ]
      }
    },
    "s": {
      "0": 1,
      "1": 1,
      "2": 1,
      "3": 1,
      "4": 3,
      "5": 2,
      "6": 2,
      "7": 2,
      "8": 2,
      "9": 2,
      "10": 1,
      "11": 1,
      "12": 4,
      "13": 4,
      "14": 4,
      "15": 1,
      "16": 3,
      "17": 1,
      "18": 2,
      "19": 2,
      "20": 1,
      "21": 1,
      "22": 4,
      "23": 4,
      "24": 1,
      "25": 3,
      "26": 2,
      "27": 3,
      "28": 1,
      "29": 2,
      "30": 1,
      "31": 1,
      "32": 2,
      "33": 2,
      "34": 1,
      "35": 1,
      "36": 3,
      "37": 3,
      "38": 1,
      "39": 2,
      "40": 1,
      "41": 1,
      "42": 1,
      "43": 1,
      "44": 3,
      "45": 3,
      "46": 1,
      "47": 2,
      "48": 2,
      "49": 1,
      "50": 1,
      "51": 1,
      "52": 1,
      "53": 1,
      "54": 3,
      "55": 3,
      "56": 1,
      "57": 2,
      "58": 1,
      "59": 1,
      "60": 1
    },
    "f": { "0": 3, "1": 2, "2": 4, "3": 4, "4": 2, "5": 2, "6": 3, "7": 3, "8": 3 },
    "b": {
      "0": [1, 3],
      "1": [1, 2],
      "2": [1, 3],
      "3": [1, 2],
      "4": [3, 2],
      "5": [1, 2],
      "6": [1, 1],
      "7": [1, 2],
      "8": [1, 1],
      "9": [1, 2],
      "10": [1, 1]
    }
  },
  "C:\\Users\\MJ\\Desktop\\Projects\\Airtribe\\task-master\\src\\modules\\tasks\\task.controller.ts": {
    "path": "C:\\Users\\MJ\\Desktop\\Projects\\Airtribe\\task-master\\src\\modules\\tasks\\task.controller.ts",
    "statementMap": {
      "0": { "start": { "line": 2, "column": 0 }, "end": { "line": 2, "column": null } },
      "1": { "start": { "line": 11, "column": 0 }, "end": { "line": 11, "column": null } },
      "2": { "start": { "line": 20, "column": 36 }, "end": { "line": 49, "column": 1 } },
      "3": { "start": { "line": 25, "column": 2 }, "end": { "line": 48, "column": 3 } },
      "4": { "start": { "line": 26, "column": 19 }, "end": { "line": 26, "column": 29 } },
      "5": { "start": { "line": 28, "column": 4 }, "end": { "line": 36, "column": 5 } },
      "6": { "start": { "line": 29, "column": 6 }, "end": { "line": 34, "column": 9 } },
      "7": { "start": { "line": 35, "column": 6 }, "end": { "line": 35, "column": 13 } },
      "8": { "start": { "line": 38, "column": 18 }, "end": { "line": 38, "column": 50 } },
      "9": { "start": { "line": 40, "column": 17 }, "end": { "line": 40, "column": 48 } },
      "10": { "start": { "line": 42, "column": 4 }, "end": { "line": 45, "column": 7 } },
      "11": { "start": { "line": 47, "column": 4 }, "end": { "line": 47, "column": 16 } },
      "12": { "start": { "line": 20, "column": 13 }, "end": { "line": 20, "column": 36 } },
      "13": { "start": { "line": 51, "column": 37 }, "end": { "line": 80, "column": 1 } },
      "14": { "start": { "line": 56, "column": 2 }, "end": { "line": 79, "column": 3 } },
      "15": { "start": { "line": 57, "column": 19 }, "end": { "line": 57, "column": 29 } },
      "16": { "start": { "line": 59, "column": 4 }, "end": { "line": 67, "column": 5 } },
      "17": { "start": { "line": 60, "column": 6 }, "end": { "line": 65, "column": 9 } },
      "18": { "start": { "line": 66, "column": 6 }, "end": { "line": 66, "column": 13 } },
      "19": { "start": { "line": 69, "column": 19 }, "end": { "line": 69, "column": 42 } },
      "20": { "start": { "line": 71, "column": 17 }, "end": { "line": 71, "column": 50 } },
      "21": { "start": { "line": 73, "column": 4 }, "end": { "line": 76, "column": 7 } },
      "22": { "start": { "line": 78, "column": 4 }, "end": { "line": 78, "column": 16 } },
      "23": { "start": { "line": 51, "column": 13 }, "end": { "line": 51, "column": 37 } },
      "24": { "start": { "line": 82, "column": 34 }, "end": { "line": 112, "column": 1 } },
      "25": { "start": { "line": 87, "column": 2 }, "end": { "line": 111, "column": 3 } },
      "26": { "start": { "line": 88, "column": 19 }, "end": { "line": 88, "column": 29 } },
      "27": { "start": { "line": 90, "column": 4 }, "end": { "line": 98, "column": 5 } },
      "28": { "start": { "line": 91, "column": 6 }, "end": { "line": 96, "column": 9 } },
      "29": { "start": { "line": 97, "column": 6 }, "end": { "line": 97, "column": 13 } },
      "30": { "start": { "line": 100, "column": 20 }, "end": { "line": 100, "column": 53 } },
      "31": { "start": { "line": 102, "column": 19 }, "end": { "line": 102, "column": 50 } },
      "32": { "start": { "line": 104, "column": 4 }, "end": { "line": 108, "column": 7 } },
      "33": { "start": { "line": 110, "column": 4 }, "end": { "line": 110, "column": 16 } },
      "34": { "start": { "line": 82, "column": 13 }, "end": { "line": 82, "column": 34 } },
      "35": { "start": { "line": 114, "column": 36 }, "end": { "line": 145, "column": 1 } },
      "36": { "start": { "line": 119, "column": 2 }, "end": { "line": 144, "column": 3 } },
      "37": { "start": { "line": 120, "column": 19 }, "end": { "line": 120, "column": 29 } },
      "38": { "start": { "line": 122, "column": 4 }, "end": { "line": 130, "column": 5 } },
      "39": { "start": { "line": 123, "column": 6 }, "end": { "line": 128, "column": 9 } },
      "40": { "start": { "line": 129, "column": 6 }, "end": { "line": 129, "column": 13 } },
      "41": { "start": { "line": 132, "column": 19 }, "end": { "line": 132, "column": 42 } },
      "42": { "start": { "line": 134, "column": 18 }, "end": { "line": 134, "column": 50 } },
      "43": { "start": { "line": 136, "column": 17 }, "end": { "line": 136, "column": 56 } },
      "44": { "start": { "line": 138, "column": 4 }, "end": { "line": 141, "column": 7 } },
      "45": { "start": { "line": 143, "column": 4 }, "end": { "line": 143, "column": 16 } },
      "46": { "start": { "line": 114, "column": 13 }, "end": { "line": 114, "column": 36 } },
      "47": { "start": { "line": 147, "column": 36 }, "end": { "line": 173, "column": 1 } },
      "48": { "start": { "line": 152, "column": 2 }, "end": { "line": 172, "column": 3 } },
      "49": { "start": { "line": 153, "column": 19 }, "end": { "line": 153, "column": 29 } },
      "50": { "start": { "line": 155, "column": 4 }, "end": { "line": 163, "column": 5 } },
      "51": { "start": { "line": 156, "column": 6 }, "end": { "line": 161, "column": 9 } },
      "52": { "start": { "line": 162, "column": 6 }, "end": { "line": 162, "column": 13 } },
      "53": { "start": { "line": 165, "column": 19 }, "end": { "line": 165, "column": 42 } },
[...]
        ]
      },
      "23": {
        "loc": { "start": { "line": 266, "column": 2 }, "end": { "line": 268, "column": 3 } },
        "type": "if",
        "locations": [
          { "start": { "line": 266, "column": 2 }, "end": { "line": 268, "column": 3 } },
          { "start": {}, "end": {} }
        ]
      },
      "24": {
        "loc": { "start": { "line": 271, "column": 2 }, "end": { "line": 275, "column": 3 } },
        "type": "if",
        "locations": [
          { "start": { "line": 271, "column": 2 }, "end": { "line": 275, "column": 3 } },
          { "start": {}, "end": {} }
        ]
      },
      "25": {
        "loc": { "start": { "line": 272, "column": 4 }, "end": { "line": 274, "column": 5 } },
        "type": "if",
        "locations": [
          { "start": { "line": 272, "column": 4 }, "end": { "line": 274, "column": 5 } },
          { "start": {}, "end": {} }
        ]
      },
      "26": {
        "loc": { "start": { "line": 272, "column": 8 }, "end": { "line": 272, "column": 63 } },
        "type": "binary-expr",
        "locations": [
          { "start": { "line": 272, "column": 8 }, "end": { "line": 272, "column": 33 } },
          { "start": { "line": 272, "column": 37 }, "end": { "line": 272, "column": 63 } }
        ]
      },
      "27": {
        "loc": { "start": { "line": 278, "column": 2 }, "end": { "line": 291, "column": 3 } },
        "type": "if",
        "locations": [
          { "start": { "line": 278, "column": 2 }, "end": { "line": 291, "column": 3 } },
          { "start": {}, "end": {} }
        ]
      },
      "28": {
        "loc": { "start": { "line": 288, "column": 4 }, "end": { "line": 290, "column": 5 } },
        "type": "if",
        "locations": [
          { "start": { "line": 288, "column": 4 }, "end": { "line": 290, "column": 5 } },
          { "start": {}, "end": {} }
        ]
      },
      "29": {
        "loc": { "start": { "line": 294, "column": 2 }, "end": { "line": 307, "column": 3 } },
        "type": "if",
        "locations": [
          { "start": { "line": 294, "column": 2 }, "end": { "line": 307, "column": 3 } },
          { "start": {}, "end": {} }
        ]
      },
      "30": {
        "loc": { "start": { "line": 294, "column": 6 }, "end": { "line": 294, "column": 40 } },
        "type": "binary-expr",
        "locations": [
          { "start": { "line": 294, "column": 6 }, "end": { "line": 294, "column": 22 } },
          { "start": { "line": 294, "column": 26 }, "end": { "line": 294, "column": 40 } }
        ]
      },
      "31": {
        "loc": { "start": { "line": 304, "column": 4 }, "end": { "line": 306, "column": 5 } },
        "type": "if",
        "locations": [
          { "start": { "line": 304, "column": 4 }, "end": { "line": 306, "column": 5 } },
          { "start": {}, "end": {} }
        ]
      },
      "32": {
        "loc": { "start": { "line": 310, "column": 2 }, "end": { "line": 320, "column": 3 } },
        "type": "if",
        "locations": [
          { "start": { "line": 310, "column": 2 }, "end": { "line": 320, "column": 3 } },
          { "start": {}, "end": {} }
        ]
      },
      "33": {
        "loc": { "start": { "line": 310, "column": 6 }, "end": { "line": 310, "column": 41 } },
        "type": "binary-expr",
        "locations": [
          { "start": { "line": 310, "column": 6 }, "end": { "line": 310, "column": 22 } },
          { "start": { "line": 310, "column": 26 }, "end": { "line": 310, "column": 41 } }
        ]
      },
      "34": {
        "loc": { "start": { "line": 317, "column": 4 }, "end": { "line": 319, "column": 5 } },
        "type": "if",
        "locations": [
          { "start": { "line": 317, "column": 4 }, "end": { "line": 319, "column": 5 } },
          { "start": {}, "end": {} }
        ]
      },
      "35": {
        "loc": { "start": { "line": 331, "column": 8 }, "end": { "line": 331, "column": 98 } },
        "type": "cond-expr",
        "locations": [
          { "start": { "line": 331, "column": 39 }, "end": { "line": 331, "column": 85 } },
          { "start": { "line": 331, "column": 89 }, "end": { "line": 331, "column": 98 } }
        ]
      },
      "36": {
        "loc": { "start": { "line": 331, "column": 39 }, "end": { "line": 331, "column": 85 } },
        "type": "cond-expr",
        "locations": [
          { "start": { "line": 331, "column": 55 }, "end": { "line": 331, "column": 78 } },
          { "start": { "line": 331, "column": 81 }, "end": { "line": 331, "column": 85 } }
        ]
      },
      "37": {
        "loc": { "start": { "line": 333, "column": 18 }, "end": { "line": 333, "column": 79 } },
        "type": "cond-expr",
        "locations": [
          { "start": { "line": 333, "column": 51 }, "end": { "line": 333, "column": 67 } },
          { "start": { "line": 333, "column": 70 }, "end": { "line": 333, "column": 79 } }
        ]
      },
      "38": {
        "loc": { "start": { "line": 347, "column": 2 }, "end": { "line": 349, "column": 3 } },
        "type": "if",
        "locations": [
          { "start": { "line": 347, "column": 2 }, "end": { "line": 349, "column": 3 } },
          { "start": {}, "end": {} }
        ]
      },
      "39": {
        "loc": { "start": { "line": 352, "column": 2 }, "end": { "line": 356, "column": 3 } },
        "type": "if",
        "locations": [
          { "start": { "line": 352, "column": 2 }, "end": { "line": 356, "column": 3 } },
          { "start": {}, "end": {} }
        ]
      },
      "40": {
        "loc": { "start": { "line": 353, "column": 4 }, "end": { "line": 355, "column": 5 } },
        "type": "if",
        "locations": [
          { "start": { "line": 353, "column": 4 }, "end": { "line": 355, "column": 5 } },
          { "start": {}, "end": {} }
        ]
      },
      "41": {
        "loc": { "start": { "line": 359, "column": 2 }, "end": { "line": 375, "column": 3 } },
        "type": "if",
        "locations": [
          { "start": { "line": 359, "column": 2 }, "end": { "line": 375, "column": 3 } },
          { "start": {}, "end": {} }
        ]
      },
      "42": {
        "loc": { "start": { "line": 369, "column": 4 }, "end": { "line": 371, "column": 5 } },
        "type": "if",
        "locations": [
          { "start": { "line": 369, "column": 4 }, "end": { "line": 371, "column": 5 } },
          { "start": {}, "end": {} }
        ]
      },
      "43": {
        "loc": { "start": { "line": 391, "column": 2 }, "end": { "line": 393, "column": 3 } },
        "type": "if",
        "locations": [
          { "start": { "line": 391, "column": 2 }, "end": { "line": 393, "column": 3 } },
          { "start": {}, "end": {} }
        ]
      },
      "44": {
        "loc": { "start": { "line": 396, "column": 2 }, "end": { "line": 410, "column": 3 } },
        "type": "if",
        "locations": [
          { "start": { "line": 396, "column": 2 }, "end": { "line": 410, "column": 3 } },
          { "start": {}, "end": {} }
        ]
      },
      "45": {
        "loc": { "start": { "line": 397, "column": 4 }, "end": { "line": 399, "column": 5 } },
        "type": "if",
        "locations": [
          { "start": { "line": 397, "column": 4 }, "end": { "line": 399, "column": 5 } },
          { "start": {}, "end": {} }
        ]
      },
      "46": {
        "loc": { "start": { "line": 407, "column": 4 }, "end": { "line": 409, "column": 5 } },
        "type": "if",
        "locations": [
          { "start": { "line": 407, "column": 4 }, "end": { "line": 409, "column": 5 } },
          { "start": {}, "end": {} }
        ]
      },
      "47": {
        "loc": { "start": { "line": 413, "column": 2 }, "end": { "line": 439, "column": 3 } },
        "type": "if",
        "locations": [
          { "start": { "line": 413, "column": 2 }, "end": { "line": 439, "column": 3 } },
          { "start": {}, "end": {} }
        ]
      },
      "48": {
        "loc": { "start": { "line": 423, "column": 4 }, "end": { "line": 425, "column": 5 } },
        "type": "if",
        "locations": [
          { "start": { "line": 423, "column": 4 }, "end": { "line": 425, "column": 5 } },
          { "start": {}, "end": {} }
        ]
      },
      "49": {
        "loc": { "start": { "line": 436, "column": 4 }, "end": { "line": 438, "column": 5 } },
        "type": "if",
        "locations": [
          { "start": { "line": 436, "column": 4 }, "end": { "line": 438, "column": 5 } },
          { "start": {}, "end": {} }
        ]
      },
      "50": {
        "loc": { "start": { "line": 460, "column": 2 }, "end": { "line": 462, "column": 3 } },
        "type": "if",
        "locations": [
          { "start": { "line": 460, "column": 2 }, "end": { "line": 462, "column": 3 } },
          { "start": {}, "end": {} }
        ]
      },
      "51": {
        "loc": { "start": { "line": 465, "column": 2 }, "end": { "line": 467, "column": 3 } },
        "type": "if",
        "locations": [
          { "start": { "line": 465, "column": 2 }, "end": { "line": 467, "column": 3 } },
          { "start": {}, "end": {} }
        ]
      },
      "52": {
        "loc": { "start": { "line": 470, "column": 2 }, "end": { "line": 474, "column": 3 } },
        "type": "if",
        "locations": [
          { "start": { "line": 470, "column": 2 }, "end": { "line": 474, "column": 3 } },
          { "start": {}, "end": {} }
        ]
      },
      "53": {
        "loc": { "start": { "line": 471, "column": 4 }, "end": { "line": 473, "column": 5 } },
        "type": "if",
        "locations": [
          { "start": { "line": 471, "column": 4 }, "end": { "line": 473, "column": 5 } },
          { "start": {}, "end": {} }
        ]
      },
      "54": {
        "loc": { "start": { "line": 471, "column": 8 }, "end": { "line": 471, "column": 63 } },
        "type": "binary-expr",
        "locations": [
          { "start": { "line": 471, "column": 8 }, "end": { "line": 471, "column": 33 } },
          { "start": { "line": 471, "column": 37 }, "end": { "line": 471, "column": 63 } }
        ]
      },
      "55": {
        "loc": { "start": { "line": 477, "column": 2 }, "end": { "line": 490, "column": 3 } },
        "type": "if",
        "locations": [
          { "start": { "line": 477, "column": 2 }, "end": { "line": 490, "column": 3 } },
          { "start": {}, "end": {} }
        ]
      },
      "56": {
        "loc": { "start": { "line": 487, "column": 4 }, "end": { "line": 489, "column": 5 } },
        "type": "if",
        "locations": [
          { "start": { "line": 487, "column": 4 }, "end": { "line": 489, "column": 5 } },
          { "start": {}, "end": {} }
        ]
      }
    },
    "s": {
      "0": 2,
      "1": 2,
      "2": 2,
      "3": 7,
      "4": 7,
      "5": 4,
      "6": 4,
      "7": 1,
      "8": 3,
      "9": 3,
      "10": 1,
      "11": 5,
      "12": 3,
      "13": 1,
      "14": 1,
      "15": 1,
      "16": 2,
      "17": 2,
      "18": 1,
      "19": 3,
      "20": 3,
      "21": 2,
      "22": 2,
      "23": 7,
      "24": 7,
      "25": 1,
      "26": 6,
      "27": 4,
      "28": 1,
      "29": 3,
      "30": 2,
      "31": 2,
      "32": 1,
      "33": 1,
      "34": 2,
      "35": 2,
      "36": 3,
      "37": 3,
      "38": 2,
      "39": 3,
      "40": 3,
      "41": 3,
      "42": 3,
      "43": 3,
      "44": 3,
      "45": 3,
      "46": 3,
      "47": 2,
      "48": 2,
      "49": 8,
      "50": 8,
      "51": 1,
      "52": 7,
      "53": 4,
      "54": 1,
      "55": 6,
      "56": 3,
      "57": 3,
      "58": 1,
      "59": 5,
      "60": 2,
      "61": 2,
      "62": 1,
      "63": 4,
      "64": 1,
      "65": 1,
      "66": 1,
      "67": 3,
      "68": 3,
      "69": 2,
      "70": 2,
      "71": 5,
      "72": 5,
      "73": 1,
      "74": 4,
      "75": 2,
      "76": 1,
      "77": 3,
      "78": 2,
      "79": 2,
      "80": 1,
      "81": 2,
      "82": 2,
      "83": 2,
      "84": 7,
      "85": 7,
      "86": 1,
      "87": 6,
      "88": 3,
      "89": 1,
      "90": 2,
      "91": 2,
      "92": 1,
      "93": 4,
      "94": 3,
      "95": 3,
      "96": 1,
      "97": 2,
      "98": 2,
      "99": 1,
      "100": 2,
      "101": 2,
      "102": 2,
      "103": 2,
      "104": 6,
      "105": 6,
      "106": 1,
      "107": 5,
      "108": 1,
      "109": 4,
      "110": 2,
      "111": 1,
      "112": 3,
      "113": 2,
      "114": 2,
      "115": 1,
      "116": 2,
      "117": 2,
      "118": 2
    },
    "f": { "0": 7, "1": 7, "2": 3, "3": 2, "4": 8, "5": 5, "6": 7, "7": 6 },
    "b": {
      "0": [4, 3],
      "1": [1, 3],
      "2": [1, 2],
      "3": [3, 2],
      "4": [1, 2],
      "5": [1, 0],
      "6": [1, 1],
      "7": [0, 3],
      "8": [1, 6],
      "9": [4, 2],
      "10": [1, 3],
      "11": [4, 2],
      "12": [1, 1],
      "13": [1],
      "14": [3, 2],
      "15": [3, 2],
      "16": [3, 2],
      "17": [3, 2],
      "18": [1, 2],
      "19": [1, 2],
      "20": [1, 2],
      "21": [1, 2],
      "22": [1, 2],
      "23": [1, 7],
      "24": [4, 3],
      "25": [1, 3],
      "26": [4, 1],
      "27": [3, 3],
      "28": [1, 2],
      "29": [2, 3],
      "30": [5, 3],
      "31": [1, 1],
      "32": [1, 3],
      "33": [4, 2],
      "34": [1, 0],
      "35": [0, 3],
      "36": [0, 0],
      "37": [2, 1],
      "38": [1, 4],
      "39": [2, 2],
      "40": [1, 1],
      "41": [2, 1],
      "42": [1, 1],
      "43": [1, 6],
      "44": [3, 3],
      "45": [1, 2],
      "46": [1, 1],
      "47": [3, 1],
      "48": [1, 2],
      "49": [1, 1],
      "50": [1, 5],
      "51": [1, 4],
      "52": [2, 2],
      "53": [1, 1],
      "54": [2, 1],
      "55": [2, 1],
      "56": [1, 1]
    }
  },
  "C:\\Users\\MJ\\Desktop\\Projects\\Airtribe\\task-master\\src\\modules\\users\\users.controller.ts": {
    "path": "C:\\Users\\MJ\\Desktop\\Projects\\Airtribe\\task-master\\src\\modules\\users\\users.controller.ts",
    "statementMap": {
      "0": { "start": { "line": 3, "column": 0 }, "end": { "line": 3, "column": 68 } },
      "1": { "start": { "line": 4, "column": 0 }, "end": { "line": 4, "column": 53 } },
      "2": { "start": { "line": 6, "column": 23 }, "end": { "line": 21, "column": 1 } },
      "3": { "start": { "line": 11, "column": 2 }, "end": { "line": 20, "column": 3 } },
      "4": { "start": { "line": 12, "column": 17 }, "end": { "line": 12, "column": 50 } },
      "5": { "start": { "line": 14, "column": 4 }, "end": { "line": 17, "column": 7 } },
      "6": { "start": { "line": 19, "column": 4 }, "end": { "line": 19, "column": 16 } },
      "7": { "start": { "line": 6, "column": 13 }, "end": { "line": 6, "column": 23 } },
      "8": { "start": { "line": 23, "column": 26 }, "end": { "line": 40, "column": 1 } },
      "9": { "start": { "line": 28, "column": 2 }, "end": { "line": 39, "column": 3 } },
      "10": { "start": { "line": 29, "column": 17 }, "end": { "line": 29, "column": 52 } },
      "11": { "start": { "line": 31, "column": 17 }, "end": { "line": 31, "column": 59 } },
      "12": { "start": { "line": 33, "column": 4 }, "end": { "line": 36, "column": 7 } },
      "13": { "start": { "line": 38, "column": 4 }, "end": { "line": 38, "column": 16 } },
      "14": { "start": { "line": 23, "column": 13 }, "end": { "line": 23, "column": 26 } }
    },
    "fnMap": {
      "0": {
        "name": "(anonymous_0)",
        "decl": { "start": { "line": 6, "column": 23 }, "end": { "line": 6, "column": 28 } },
        "loc": { "start": { "line": 10, "column": 19 }, "end": { "line": 21, "column": 1 } }
      },
      "1": {
        "name": "(anonymous_1)",
        "decl": { "start": { "line": 23, "column": 26 }, "end": { "line": 23, "column": 31 } },
        "loc": { "start": { "line": 27, "column": 19 }, "end": { "line": 40, "column": 1 } }
      }
    },
    "branchMap": {},
    "s": {
      "0": 1,
      "1": 1,
      "2": 1,
      "3": 2,
      "4": 2,
      "5": 1,
      "6": 1,
      "7": 1,
      "8": 1,
      "9": 5,
      "10": 5,
      "11": 3,
      "12": 2,
      "13": 3,
      "14": 1
    },
    "f": { "0": 2, "1": 5 },
    "b": {}
  },
  "C:\\Users\\MJ\\Desktop\\Projects\\Airtribe\\task-master\\src\\modules\\users\\users.schema.ts": {
    "path": "C:\\Users\\MJ\\Desktop\\Projects\\Airtribe\\task-master\\src\\modules\\users\\users.schema.ts",
    "statementMap": {
      "0": { "start": { "line": 1, "column": 0 }, "end": { "line": 1, "column": 24 } },
      "1": { "start": { "line": 3, "column": 13 }, "end": { "line": 7, "column": 12 } }
    },
    "fnMap": {},
    "branchMap": {},
    "s": { "0": 1, "1": 1 },
    "f": {},
    "b": {}
  },
  "C:\\Users\\MJ\\Desktop\\Projects\\Airtribe\\task-master\\src\\modules\\users\\users.service.ts": {
    "path": "C:\\Users\\MJ\\Desktop\\Projects\\Airtribe\\task-master\\src\\modules\\users\\users.service.ts",
    "statementMap": {
      "0": { "start": { "line": 1, "column": 0 }, "end": { "line": 1, "column": 41 } },
      "1": { "start": { "line": 2, "column": 0 }, "end": { "line": 2, "column": 48 } },
      "2": { "start": { "line": 4, "column": 30 }, "end": { "line": 24, "column": 1 } },
      "3": { "start": { "line": 5, "column": 15 }, "end": { "line": 17, "column": 4 } },
      "4": { "start": { "line": 19, "column": 2 }, "end": { "line": 21, "column": 3 } },
      "5": { "start": { "line": 20, "column": 4 }, "end": { "line": 20, "column": 46 } },
      "6": { "start": { "line": 23, "column": 2 }, "end": { "line": 23, "column": 14 } },
      "7": { "start": { "line": 4, "column": 13 }, "end": { "line": 4, "column": 30 } },
      "8": { "start": { "line": 30, "column": 33 }, "end": { "line": 47, "column": 1 } },
      "9": { "start": { "line": 31, "column": 15 }, "end": { "line": 44, "column": 4 } },
      "10": { "start": { "line": 46, "column": 2 }, "end": { "line": 46, "column": 14 } },
      "11": { "start": { "line": 30, "column": 13 }, "end": { "line": 30, "column": 33 } }
    },
    "fnMap": {
      "0": {
        "name": "(anonymous_1)",
        "decl": { "start": { "line": 4, "column": 30 }, "end": { "line": 4, "column": 35 } },
        "loc": { "start": { "line": 4, "column": 55 }, "end": { "line": 24, "column": 1 } }
      },
      "1": {
        "name": "(anonymous_2)",
        "decl": { "start": { "line": 30, "column": 33 }, "end": { "line": 30, "column": 38 } },
        "loc": { "start": { "line": 30, "column": 84 }, "end": { "line": 47, "column": 1 } }
      }
    },
    "branchMap": {
      "0": {
        "loc": { "start": { "line": 19, "column": 2 }, "end": { "line": 21, "column": 3 } },
        "type": "if",
        "locations": [
          { "start": { "line": 19, "column": 2 }, "end": { "line": 21, "column": 3 } },
          { "start": {}, "end": {} }
        ]
      }
    },
    "s": {
      "0": 1,
      "1": 1,
      "2": 1,
      "3": 2,
      "4": 2,
      "5": 1,
      "6": 1,
      "7": 1,
      "8": 1,
      "9": 3,
      "10": 2,
      "11": 1
    },
    "f": { "0": 2, "1": 3 },
    "b": { "0": [1, 1] }
  },
  "C:\\Users\\MJ\\Desktop\\Projects\\Airtribe\\task-master\\src\\utils\\appError.ts": {
    "path": "C:\\Users\\MJ\\Desktop\\Projects\\Airtribe\\task-master\\src\\utils\\appError.ts",
    "statementMap": {
      "0": { "start": { "line": 5, "column": 4 }, "end": { "line": 5, "column": 19 } },
      "1": { "start": { "line": 7, "column": 4 }, "end": { "line": 7, "column": 33 } },
      "2": { "start": { "line": 8, "column": 4 }, "end": { "line": 8, "column": 27 } },
      "3": { "start": { "line": 1, "column": 0 }, "end": { "line": 1, "column": 13 } }
    },
    "fnMap": {
      "0": {
        "name": "(anonymous_0)",
        "decl": { "start": { "line": 4, "column": 2 }, "end": { "line": 4, "column": 14 } },
        "loc": { "start": { "line": 4, "column": 49 }, "end": { "line": 9, "column": 3 } }
      }
    },
    "branchMap": {},
    "s": { "0": 110, "1": 110, "2": 110, "3": 8 },
    "f": { "0": 110 },
    "b": {}
  }
}
