TN:
SF:src\config\prisma.ts
FNF:0
FNH:0
DA:1,1
DA:2,1
DA:3,1
DA:4,1
DA:10,1
DA:12,1
DA:13,0
DA:16,1
DA:20,1
DA:22,1
DA:24,1
DA:26,1
DA:27,1
DA:30,1
DA:32,1
LF:15
LH:14
BRDA:12,0,0,0
BRDA:12,0,1,1
BRDA:24,1,0,1
BRDA:24,1,1,1
BRDA:26,2,0,1
BRDA:26,2,1,0
BRF:6
BRH:4
end_of_record
TN:
SF:src\generated\prisma\client.ts
FNF:0
FNH:0
DA:18,1
DA:19,1
DA:21,1
DA:22,1
DA:38,1
DA:40,1
LF:6
LH:6
BRF:0
BRH:0
end_of_record
TN:
SF:src\generated\prisma\enums.ts
FNF:0
FNH:0
DA:12,3
DA:20,3
DA:30,3
LF:3
LH:3
BRF:0
BRH:0
end_of_record
TN:
SF:src\generated\prisma\internal\class.ts
FN:41,decodeBase64AsWasm
FN:42,(anonymous_10)
FN:48,(anonymous_11)
FN:48,(anonymous_12)
FN:50,(anonymous_13)
FN:51,(anonymous_14)
FN:252,getPrismaClientClass
FNF:7
FNH:1
FNDA:0,decodeBase64AsWasm
FNDA:0,(anonymous_10)
FNDA:0,(anonymous_11)
FNDA:0,(anonymous_12)
FNDA:0,(anonymous_13)
FNDA:0,(anonymous_14)
FNDA:1,getPrismaClientClass
DA:14,1
DA:18,1
DA:35,1
DA:36,1
DA:42,0
DA:43,0
DA:44,0
DA:47,1
DA:48,0
DA:51,0
DA:52,0
DA:252,1
DA:253,1
LF:13
LH:7
BRF:0
BRH:0
end_of_record
TN:
SF:src\generated\prisma\internal\prismaNamespace.ts
FNF:0
FNH:0
DA:18,1
DA:32,1
DA:35,1
DA:38,1
DA:41,1
DA:44,1
DA:50,1
DA:51,1
DA:52,1
DA:53,1
DA:54,1
DA:62,1
DA:71,1
DA:86,1
DA:104,1
DA:114,1
DA:121,1
DA:128,1
DA:399,1
DA:898,1
DA:908,1
DA:923,1
DA:937,1
DA:949,1
DA:960,1
DA:976,1
DA:989,1
DA:997,1
DA:1005,1
DA:1116,1
LF:30
LH:30
BRF:0
BRH:0
end_of_record
TN:
SF:src\middleware\auth.middleware.ts
FN:9,(anonymous_0)
FNF:1
FNH:1
FNDA:8,(anonymous_0)
DA:2,1
DA:3,1
DA:9,1
DA:14,8
DA:15,8
DA:17,8
DA:18,1
DA:21,7
DA:23,7
DA:24,2
DA:27,5
DA:29,2
DA:30,1
DA:33,1
DA:35,1
DA:37,7
LF:16
LH:16
BRDA:17,0,0,1
BRDA:17,0,1,7
BRDA:23,1,0,2
BRDA:23,1,1,5
BRDA:23,2,0,7
BRDA:23,2,1,6
BRDA:29,3,0,1
BRDA:29,3,1,1
BRDA:29,4,0,2
BRDA:29,4,1,2
BRDA:29,4,2,2
BRDA:37,5,0,5
BRDA:37,5,1,2
BRF:13
BRH:13
end_of_record
TN:
SF:src\middleware\error.middleware.ts
FN:5,(anonymous_0)
FNF:1
FNH:1
FNDA:5,(anonymous_0)
DA:2,1
DA:3,1
DA:5,1
DA:6,5
DA:7,1
DA:15,1
DA:18,4
DA:19,2
DA:26,2
DA:29,2
DA:31,2
LF:11
LH:11
BRDA:6,0,0,1
BRDA:6,0,1,4
BRDA:18,1,0,2
BRDA:18,1,1,2
BRDA:34,2,0,2
BRDA:34,2,1,1
BRF:6
BRH:6
end_of_record
TN:
SF:src\middleware\projectAuthorization.middleware.ts
FN:6,(anonymous_1)
FN:7,(anonymous_2)
FNF:2
FNH:2
FNDA:6,(anonymous_1)
FNDA:6,(anonymous_2)
DA:3,1
DA:6,1
DA:7,6
DA:8,6
DA:9,6
DA:10,6
DA:12,6
DA:13,1
DA:19,1
DA:22,5
DA:31,4
DA:32,1
DA:38,1
DA:41,3
DA:42,1
DA:48,1
DA:51,2
DA:53,1
LF:18
LH:18
BRDA:12,0,0,1
BRDA:12,0,1,5
BRDA:31,1,0,1
BRDA:31,1,1,3
BRDA:41,2,0,1
BRDA:41,2,1,2
BRF:6
BRH:6
end_of_record
TN:
SF:src\middleware\validate.middleware.ts
FN:4,(anonymous_0)
FN:5,(anonymous_1)
FNF:2
FNH:2
FNDA:5,(anonymous_0)
FNDA:5,(anonymous_1)
DA:4,1
DA:5,5
DA:6,5
DA:7,5
DA:8,2
DA:10,3
LF:6
LH:6
BRF:0
BRH:0
end_of_record
TN:
SF:src\modules\auth\auth.controller.ts
FN:5,(anonymous_0)
FN:20,(anonymous_1)
FN:35,(anonymous_2)
FN:50,(anonymous_3)
FNF:4
FNH:4
FNDA:3,(anonymous_0)
FNDA:3,(anonymous_1)
FNDA:3,(anonymous_2)
FNDA:3,(anonymous_3)
DA:2,1
DA:3,1
DA:5,1
DA:6,3
DA:7,3
DA:9,2
DA:11,1
DA:16,2
DA:20,1
DA:21,3
DA:22,3
DA:24,2
DA:26,1
DA:31,2
DA:35,1
DA:36,3
DA:37,3
DA:39,2
DA:41,1
DA:46,2
DA:50,1
DA:51,3
DA:52,3
DA:54,2
DA:56,1
DA:58,2
LF:26
LH:26
BRF:0
BRH:0
end_of_record
TN:
SF:src\modules\auth\auth.schema.ts
FNF:0
FNH:0
DA:1,1
DA:3,1
DA:9,1
DA:14,1
LF:4
LH:4
BRF:0
BRH:0
end_of_record
TN:
SF:src\modules\auth\auth.service.ts
FN:13,(anonymous_1)
FN:47,(anonymous_2)
FN:95,(anonymous_3)
FN:157,(anonymous_4)
FNF:4
FNH:4
FNDA:2,(anonymous_1)
FNDA:4,(anonymous_2)
FNDA:4,(anonymous_3)
FNDA:1,(anonymous_4)
DA:1,1
DA:2,1
DA:3,1
DA:4,1
DA:5,1
DA:13,1
DA:14,2
DA:20,2
DA:21,1
DA:24,1
DA:26,1
DA:34,1
DA:47,1
DA:48,4
DA:54,4
DA:55,1
DA:58,3
DA:60,3
DA:61,1
DA:64,2
DA:65,1
DA:68,1
DA:70,1
DA:72,1
DA:74,1
DA:76,1
DA:84,1
DA:95,1
DA:98,4
DA:99,4
DA:101,1
DA:104,3
DA:105,0
DA:108,3
DA:110,3
DA:112,3
DA:120,3
DA:121,1
DA:124,2
DA:125,1
DA:128,1
DA:137,1
DA:139,1
DA:141,1
DA:143,1
DA:151,1
DA:157,1
DA:158,1
DA:160,1
LF:49
LH:48
BRDA:20,0,0,1
BRDA:20,0,1,1
BRDA:54,1,0,1
BRDA:54,1,1,3
BRDA:60,2,0,1
BRDA:60,2,1,2
BRDA:64,3,0,1
BRDA:64,3,1,1
BRDA:104,4,0,0
BRDA:104,4,1,3
BRDA:104,5,0,3
BRDA:104,5,1,3
BRDA:104,5,2,3
BRDA:120,6,0,1
BRDA:120,6,1,2
BRDA:124,7,0,1
BRDA:124,7,1,1
BRF:17
BRH:16
end_of_record
TN:
SF:src\modules\projects\invitation.controller.ts
FN:5,(anonymous_0)
FN:25,(anonymous_1)
FN:45,(anonymous_2)
FNF:3
FNH:3
FNDA:2,(anonymous_0)
FNDA:2,(anonymous_1)
FNDA:2,(anonymous_2)
DA:2,1
DA:5,1
DA:10,2
DA:11,2
DA:12,2
DA:14,2
DA:16,1
DA:21,1
DA:25,1
DA:30,2
DA:31,2
DA:32,2
DA:34,2
DA:36,1
DA:41,1
DA:45,1
DA:50,2
DA:51,2
DA:52,2
DA:54,2
DA:56,1
DA:61,1
LF:22
LH:22
BRF:0
BRH:0
end_of_record
TN:
SF:src\modules\projects\invitation.schema.ts
FNF:0
FNH:0
DA:1,1
DA:3,1
LF:2
LH:2
BRF:0
BRH:0
end_of_record
TN:
SF:src\modules\projects\invitation.service.ts
FN:5,(anonymous_1)
FN:80,(anonymous_2)
FN:103,(anonymous_3)
FN:131,(anonymous_4)
FNF:4
FNH:4
FNDA:7,(anonymous_1)
FNDA:4,(anonymous_2)
FNDA:1,(anonymous_3)
FNDA:4,(anonymous_4)
DA:1,1
DA:2,1
DA:3,1
DA:5,1
DA:6,7
DA:9,7
DA:15,7
DA:16,1
DA:20,6
DA:21,1
DA:25,5
DA:31,5
DA:32,1
DA:36,4
DA:37,1
DA:41,3
DA:50,3
DA:51,1
DA:55,2
DA:64,2
DA:65,1
DA:69,1
DA:77,1
DA:80,1
DA:81,4
DA:88,4
DA:89,1
DA:93,3
DA:94,1
DA:98,2
DA:99,1
DA:103,1
DA:104,1
DA:113,1
DA:122,1
DA:128,1
DA:131,1
DA:132,4
DA:139,4
DA:140,1
DA:144,3
DA:145,1
DA:149,2
DA:150,1
DA:153,1
DA:162,1
LF:46
LH:46
BRDA:15,0,0,1
BRDA:15,0,1,6
BRDA:20,1,0,1
BRDA:20,1,1,5
BRDA:31,2,0,1
BRDA:31,2,1,4
BRDA:36,3,0,1
BRDA:36,3,1,3
BRDA:50,4,0,1
BRDA:50,4,1,2
BRDA:64,5,0,1
BRDA:64,5,1,1
BRDA:88,6,0,1
BRDA:88,6,1,3
BRDA:93,7,0,1
BRDA:93,7,1,2
BRDA:98,8,0,1
BRDA:98,8,1,1
BRDA:139,9,0,1
BRDA:139,9,1,3
BRDA:144,10,0,1
BRDA:144,10,1,2
BRDA:149,11,0,1
BRDA:149,11,1,1
BRF:24
BRH:24
end_of_record
TN:
SF:src\modules\projects\project.controller.ts
FN:13,(anonymous_0)
FN:30,(anonymous_1)
FN:50,(anonymous_2)
FN:70,(anonymous_3)
FN:89,(anonymous_4)
FN:106,(anonymous_5)
FN:126,(anonymous_6)
FNF:7
FNH:7
FNDA:2,(anonymous_0)
FNDA:2,(anonymous_1)
FNDA:2,(anonymous_2)
FNDA:2,(anonymous_3)
FNDA:2,(anonymous_4)
FNDA:2,(anonymous_5)
FNDA:2,(anonymous_6)
DA:3,1
DA:13,1
DA:18,2
DA:19,2
DA:21,1
DA:26,1
DA:30,1
DA:35,2
DA:36,2
DA:37,2
DA:39,2
DA:41,1
DA:46,1
DA:50,1
DA:55,2
DA:56,2
DA:57,2
DA:59,2
DA:61,1
DA:66,1
DA:70,1
DA:75,2
DA:76,2
DA:78,2
DA:80,1
DA:85,1
DA:89,1
DA:94,2
DA:95,2
DA:96,2
DA:98,2
DA:100,1
DA:102,1
DA:106,1
DA:111,2
DA:112,2
DA:113,2
DA:115,2
DA:117,1
DA:122,1
DA:126,1
DA:131,2
DA:132,2
DA:133,2
DA:134,2
DA:136,2
DA:138,1
DA:140,1
LF:48
LH:48
BRF:0
BRH:0
end_of_record
TN:
SF:src\modules\projects\project.schema.ts
FNF:0
FNH:0
DA:1,1
DA:3,1
DA:17,1
LF:3
LH:3
BRF:0
BRH:0
end_of_record
TN:
SF:src\modules\projects\project.service.ts
FN:5,(anonymous_1)
FN:8,(anonymous_2)
FN:31,(anonymous_3)
FN:58,(anonymous_4)
FN:72,(anonymous_5)
FN:81,(anonymous_6)
FN:105,(anonymous_7)
FN:127,(anonymous_8)
FN:173,(anonymous_9)
FNF:9
FNH:9
FNDA:3,(anonymous_1)
FNDA:2,(anonymous_2)
FNDA:4,(anonymous_3)
FNDA:4,(anonymous_4)
FNDA:2,(anonymous_5)
FNDA:2,(anonymous_6)
FNDA:3,(anonymous_7)
FNDA:3,(anonymous_8)
FNDA:3,(anonymous_9)
DA:1,1
DA:2,1
DA:3,1
DA:5,1
DA:6,3
DA:8,2
DA:9,2
DA:17,2
DA:25,2
DA:28,2
DA:31,1
DA:32,4
DA:34,4
DA:40,4
DA:41,1
DA:44,3
DA:45,1
DA:48,2
DA:55,2
DA:58,1
DA:59,4
DA:68,4
DA:69,1
DA:72,3
DA:74,3
DA:75,1
DA:78,2
DA:81,1
DA:82,2
DA:102,2
DA:105,1
DA:106,3
DA:112,3
DA:113,1
DA:116,2
DA:117,1
DA:120,1
DA:127,1
DA:128,3
DA:134,3
DA:135,1
DA:138,2
DA:147,2
DA:148,1
DA:151,1
DA:170,1
DA:173,1
DA:174,3
DA:183,3
DA:184,1
DA:187,2
DA:188,1
DA:191,1
LF:53
LH:53
BRDA:40,0,0,1
BRDA:40,0,1,3
BRDA:44,1,0,1
BRDA:44,1,1,2
BRDA:68,2,0,1
BRDA:68,2,1,3
BRDA:74,3,0,1
BRDA:74,3,1,2
BRDA:74,4,0,3
BRDA:74,4,1,2
BRDA:112,5,0,1
BRDA:112,5,1,2
BRDA:116,6,0,1
BRDA:116,6,1,1
BRDA:134,7,0,1
BRDA:134,7,1,2
BRDA:147,8,0,1
BRDA:147,8,1,1
BRDA:183,9,0,1
BRDA:183,9,1,2
BRDA:187,10,0,1
BRDA:187,10,1,1
BRF:22
BRH:22
end_of_record
TN:
SF:src\modules\tasks\task.controller.ts
FN:20,(anonymous_0)
FN:51,(anonymous_1)
FN:82,(anonymous_2)
FN:114,(anonymous_3)
FN:147,(anonymous_4)
FN:175,(anonymous_5)
FN:208,(anonymous_6)
FNF:7
FNH:7
FNDA:4,(anonymous_0)
FNDA:3,(anonymous_1)
FNDA:4,(anonymous_2)
FNDA:4,(anonymous_3)
FNDA:3,(anonymous_4)
FNDA:4,(anonymous_5)
FNDA:4,(anonymous_6)
DA:2,1
DA:11,1
DA:20,1
DA:25,4
DA:26,4
DA:28,4
DA:29,1
DA:35,1
DA:38,3
DA:40,2
DA:42,1
DA:47,2
DA:51,1
DA:56,3
DA:57,3
DA:59,3
DA:60,1
DA:66,1
DA:69,2
DA:71,2
DA:73,1
DA:78,1
DA:82,1
DA:87,4
DA:88,4
DA:90,4
DA:91,1
DA:97,1
DA:100,3
DA:102,2
DA:104,1
DA:110,2
DA:114,1
DA:119,4
DA:120,4
DA:122,4
DA:123,1
DA:129,1
DA:132,3
DA:134,3
DA:136,2
DA:138,1
DA:143,2
DA:147,1
DA:152,3
DA:153,3
DA:155,3
DA:156,1
DA:162,1
DA:165,2
DA:167,2
DA:169,1
DA:171,1
DA:175,1
DA:180,4
DA:181,4
DA:183,4
DA:184,1
DA:190,1
DA:193,3
DA:195,3
DA:197,2
DA:199,1
DA:204,2
DA:208,1
DA:213,4
DA:214,4
DA:216,4
DA:217,1
DA:223,1
DA:226,3
DA:228,3
DA:230,2
DA:232,1
DA:237,2
LF:75
LH:75
BRDA:28,0,0,1
BRDA:28,0,1,3
BRDA:59,1,0,1
BRDA:59,1,1,2
BRDA:90,2,0,1
BRDA:90,2,1,3
BRDA:122,3,0,1
BRDA:122,3,1,3
BRDA:155,4,0,1
BRDA:155,4,1,2
BRDA:183,5,0,1
BRDA:183,5,1,3
BRDA:216,6,0,1
BRDA:216,6,1,3
BRF:14
BRH:14
end_of_record
TN:
SF:src\modules\tasks\task.service.ts
FN:6,(anonymous_1)
FN:77,(anonymous_2)
FN:114,(anonymous_3)
FN:137,(anonymous_4)
FN:259,(anonymous_5)
FN:340,(anonymous_6)
FN:384,(anonymous_7)
FN:453,(anonymous_8)
FNF:8
FNH:8
FNDA:7,(anonymous_1)
FNDA:7,(anonymous_2)
FNDA:3,(anonymous_3)
FNDA:2,(anonymous_4)
FNDA:8,(anonymous_5)
FNDA:5,(anonymous_6)
FNDA:7,(anonymous_7)
FNDA:6,(anonymous_8)
DA:1,2
DA:2,2
DA:6,2
DA:7,7
DA:10,7
DA:11,4
DA:17,4
DA:18,1
DA:21,3
DA:30,3
DA:31,1
DA:36,5
DA:37,3
DA:38,1
DA:47,1
DA:48,1
DA:51,2
DA:57,2
DA:58,1
DA:63,3
DA:74,3
DA:77,2
DA:78,7
DA:84,7
DA:85,1
DA:89,6
DA:90,4
DA:91,1
DA:94,3
DA:98,2
DA:107,2
DA:108,1
DA:111,1
DA:114,2
DA:128,3
DA:137,3
DA:139,3
DA:140,3
DA:141,3
DA:143,3
DA:147,3
DA:233,3
DA:246,3
DA:248,3
DA:259,2
DA:260,8
DA:266,8
DA:267,1
DA:271,7
DA:272,4
DA:273,1
DA:278,6
DA:279,3
DA:288,3
DA:289,1
DA:294,5
DA:295,2
DA:304,2
DA:305,1
DA:310,4
DA:311,1
DA:317,1
DA:318,1
DA:322,3
DA:337,3
DA:340,2
DA:341,5
DA:347,5
DA:348,1
DA:352,4
DA:353,2
DA:354,1
DA:359,3
DA:360,2
DA:369,2
DA:370,1
DA:377,2
DA:384,2
DA:385,7
DA:391,7
DA:392,1
DA:396,6
DA:397,3
DA:398,1
DA:401,2
DA:407,2
DA:408,1
DA:413,4
DA:414,3
DA:423,3
DA:424,1
DA:427,2
DA:436,2
DA:437,1
DA:441,2
DA:450,2
DA:453,2
DA:454,6
DA:460,6
DA:461,1
DA:465,5
DA:466,1
DA:470,4
DA:471,2
DA:472,1
DA:477,3
DA:478,2
DA:487,2
DA:488,1
DA:492,2
DA:501,2
LF:111
LH:111
BRDA:10,0,0,4
BRDA:10,0,1,3
BRDA:17,1,0,1
BRDA:17,1,1,3
BRDA:30,2,0,1
BRDA:30,2,1,2
BRDA:36,3,0,3
BRDA:36,3,1,2
BRDA:37,4,0,1
BRDA:37,4,1,2
BRDA:47,5,0,1
BRDA:47,5,1,0
BRDA:57,6,0,1
BRDA:57,6,1,1
BRDA:67,7,0,0
BRDA:67,7,1,3
BRDA:84,8,0,1
BRDA:84,8,1,6
BRDA:89,9,0,4
BRDA:89,9,1,2
BRDA:90,10,0,1
BRDA:90,10,1,3
BRDA:90,11,0,4
BRDA:90,11,1,2
BRDA:107,12,0,1
BRDA:107,12,1,1
BRDA:116,13,0,1
BRDA:139,14,0,3
BRDA:139,14,1,2
BRDA:140,15,0,3
BRDA:140,15,1,2
BRDA:144,16,0,3
BRDA:144,16,1,2
BRDA:144,17,0,3
BRDA:144,17,1,2
BRDA:174,18,0,1
BRDA:174,18,1,2
BRDA:183,19,0,1
BRDA:183,19,1,2
BRDA:192,20,0,1
BRDA:192,20,1,2
BRDA:201,21,0,1
BRDA:201,21,1,2
BRDA:210,22,0,1
BRDA:210,22,1,2
BRDA:266,23,0,1
BRDA:266,23,1,7
BRDA:271,24,0,4
BRDA:271,24,1,3
BRDA:272,25,0,1
BRDA:272,25,1,3
BRDA:272,26,0,4
BRDA:272,26,1,1
BRDA:278,27,0,3
BRDA:278,27,1,3
BRDA:288,28,0,1
BRDA:288,28,1,2
BRDA:294,29,0,2
BRDA:294,29,1,3
BRDA:294,30,0,5
BRDA:294,30,1,3
BRDA:304,31,0,1
BRDA:304,31,1,1
BRDA:310,32,0,1
BRDA:310,32,1,3
BRDA:310,33,0,4
BRDA:310,33,1,2
BRDA:317,34,0,1
BRDA:317,34,1,0
BRDA:331,35,0,0
BRDA:331,35,1,3
BRDA:331,36,0,0
BRDA:331,36,1,0
BRDA:333,37,0,2
BRDA:333,37,1,1
BRDA:347,38,0,1
BRDA:347,38,1,4
BRDA:352,39,0,2
BRDA:352,39,1,2
BRDA:353,40,0,1
BRDA:353,40,1,1
BRDA:359,41,0,2
BRDA:359,41,1,1
BRDA:369,42,0,1
BRDA:369,42,1,1
BRDA:391,43,0,1
BRDA:391,43,1,6
BRDA:396,44,0,3
BRDA:396,44,1,3
BRDA:397,45,0,1
BRDA:397,45,1,2
BRDA:407,46,0,1
BRDA:407,46,1,1
BRDA:413,47,0,3
BRDA:413,47,1,1
BRDA:423,48,0,1
BRDA:423,48,1,2
BRDA:436,49,0,1
BRDA:436,49,1,1
BRDA:460,50,0,1
BRDA:460,50,1,5
BRDA:465,51,0,1
BRDA:465,51,1,4
BRDA:470,52,0,2
BRDA:470,52,1,2
BRDA:471,53,0,1
BRDA:471,53,1,1
BRDA:471,54,0,2
BRDA:471,54,1,1
BRDA:477,55,0,2
BRDA:477,55,1,1
BRDA:487,56,0,1
BRDA:487,56,1,1
BRF:113
BRH:107
end_of_record
TN:
SF:src\modules\users\users.controller.ts
FN:6,(anonymous_0)
FN:23,(anonymous_1)
FNF:2
FNH:2
FNDA:2,(anonymous_0)
FNDA:5,(anonymous_1)
DA:3,1
DA:4,1
DA:6,1
DA:11,2
DA:12,2
DA:14,1
DA:19,1
DA:23,1
DA:28,5
DA:29,5
DA:31,3
DA:33,2
DA:38,3
LF:13
LH:13
BRF:0
BRH:0
end_of_record
TN:
SF:src\modules\users\users.schema.ts
FNF:0
FNH:0
DA:1,1
DA:3,1
LF:2
LH:2
BRF:0
BRH:0
end_of_record
TN:
SF:src\modules\users\users.service.ts
FN:4,(anonymous_1)
FN:30,(anonymous_2)
FNF:2
FNH:2
FNDA:2,(anonymous_1)
FNDA:3,(anonymous_2)
DA:1,1
DA:2,1
DA:4,1
DA:5,2
DA:19,2
DA:20,1
DA:23,1
DA:30,1
DA:31,3
DA:46,2
LF:10
LH:10
BRDA:19,0,0,1
BRDA:19,0,1,1
BRF:2
BRH:2
end_of_record
TN:
SF:src\utils\appError.ts
FN:4,(anonymous_0)
FNF:1
FNH:1
FNDA:110,(anonymous_0)
DA:1,8
DA:5,110
DA:7,110
DA:8,110
LF:4
LH:4
BRF:0
BRH:0
end_of_record
